100,330.49489364504489685714361257851123809814453125
63,241.5171879987456122762523591518402099609375
5,155.141380184976668488161521963775157928466796875
182,134.67692618154302408584044314920902252197265625
3,97.2176082758652029269796912558376789093017578125
392,96.9413251988021755778390797786414623260498046875
359,92.5603392232680874940342619083821773529052734375
341,90.31504663271044819339294917881488800048828125
321,87.571112144138993471642606891691684722900390625
16,82.75022571411699345844681374728679656982421875
357,81.0206070697138471814469085074961185455322265625
183,75.43787890984293653673375956714153289794921875
322,72.8542445410415808737525367178022861480712890625
438,66.6518256222161653568036854267120361328125
353,57.14843069178223089465973316691815853118896484375
406,54.37590560486238899784439126960933208465576171875
36,49.56272276507376517429293016903102397918701171875
49,48.29641376107593231381542864255607128143310546875
385,48.1930506804322931202477775514125823974609375
362,45.78556989636296492562905768863856792449951171875
4,44.6033050139965183689128025434911251068115234375
394,40.87227407914706844849206390790641307830810546875
516,40.05238897201424919103374122641980648040771484375
403,39.17598267693940528033635928295552730560302734375
923,38.742250586740311746325460262596607208251953125
375,38.5232815073577086195655283518135547637939453125
238,38.07885474401599168459142674691975116729736328125
26,38.00487664631344841836835257709026336669921875
198,37.470533640139450426431722007691860198974609375
77,36.35502657885643884583259932696819305419921875
84,36.26769335062376597988986759446561336517333984375
325,35.43326812655277535668574273586273193359375
356,35.42711646577446771289032767526805400848388671875
391,35.200374416729346194188110530376434326171875
383,34.98983499305391120515196234919130802154541015625
421,34.52816195580559366362649598158895969390869140625
437,33.59337566412548170546870096586644649505615234375
342,30.4828963696196950650119106285274028778076171875
41,30.058631049668907309069254552014172077178955078125
62,29.189135689960178154933601035736501216888427734375
407,29.121984950570389827362305368296802043914794921875
439,28.991507097789263269760340335778892040252685546875
35,27.184295039763497925378032959997653961181640625
280,27.146159491520446493950657895766198635101318359375
365,27.1269693188367426728291320614516735076904296875
34,27.11894233043636148750010761432349681854248046875
72,26.52655700596968557647414854727685451507568359375
354,26.26050240144056857616305933333933353424072265625
120,25.723079740147372973524397821165621280670166015625
433,25.678764436973864349056384526193141937255859375
1045,25.107373226528896026366055593825876712799072265625
679,24.072832125863154573153224191628396511077880859375
397,24.067137170188448891394727979786694049835205078125
87,24.052189510154480700521162361837923526763916015625
384,23.0287061258267158336821012198925018310546875
80,22.216751692330912959505440085195004940032958984375
417,22.088157844248971883871490717865526676177978515625
67,21.303925244144931383516450296156108379364013671875
454,21.292241548906250869777068146504461765289306640625
432,21.283914688470108700357741327024996280670166015625
373,21.143095442513100579162710346281528472900390625
386,21.10452702149046899648965336382389068603515625
366,21.06436562556461211670466582290828227996826171875
76,21.036214110710044877805557916872203350067138671875
483,20.1278950202457025397961842827498912811279296875
1677,20
194,19.371091856842401313087975722737610340118408203125
571,19.208655411246613908815561444498598575592041015625
204,19.204679693725896783007556223310530185699462890625
661,19.053427010651461159795871935784816741943359375
652,19.052616413422615693207262665964663028717041015625
344,19.048175865171760534622080740518867969512939453125
329,18.73828179956294803787386626936495304107666015625
455,18.26959356681198443084213067777454853057861328125
370,18.1726272486067728095804341137409210205078125
37,18.10742792568236581018936703912913799285888671875
51,17.140440076778332922913250513374805450439453125
434,17.0938343436288420207347371615469455718994140625
71,17.021620529306911606681751436553895473480224609375
388,17.015316051372945338471254217438399791717529296875
74,16.246411314041413476161324069835245609283447265625
481,16.016510263560661542214802466332912445068359375
93,15.157657169495253768332077015656977891921997070312
361,15.040965101609492293732728285249322652816772460938
683,15.039793909849041853021844872273504734039306640625
11,15.033243695353567304096031875815242528915405273438
88,14.5197634026325914646804449148476123809814453125
380,14.006939987038288464304969238582998514175415039062
493,12.502823657900007603416270285379141569137573242188
73,12.076310918227077806363922718446701765060424804688
393,12.049118559076207546354453370440751314163208007812
135,11.602827614220943885925407812464982271194458007812
125,11.205596766849447831759789551142603158950805664062
466,11.092072601850958335489849559962749481201171875
226,11.057366774905640127713013498578220605850219726562
475,11.055240919641523333893928793258965015411376953125
469,11.053712601215258004572206118609756231307983398438
860,11.045672941605834793676876870449632406234741210938
727,11.043119878924679611031933745834976434707641601562
486,11.036938888766027133669922477565705776214599609375
1128,11.03111707805540930849019787274301052093505859375
457,11.025425945710470188032559235580265522003173828125
795,11.015185262237869423529446066822856664657592773438
426,11.008360964302399409575627942103892564773559570312
13,10.086122060695691615705982258077710866928100585938
1106,10.081984394970300300542476179543882608413696289062
372,10.078633032107338962646281288471072912216186523438
376,10.018514994614717394938452343922108411788940429688
2,9.1412968289914857678013504482805728912353515625
612,9.0907460338157903834144235588610172271728515625
38,9.0834569657423305244492439669556915760040283203125
390,9.0703250905652357261033102986402809619903564453125
689,9.0078835086854542879564178292639553546905517578125
447,8.1183311217718188146363900159485638141632080078125
436,8.060525546346237746320184669457376003265380859375
1200,8.048239253076719279533790540881454944610595703125
786,8.02214114111901466230847290717065334320068359375
608,8.0198955135728038357001423719339072704315185546875
793,8.0009485194206515501491594477556645870208740234375
83,7.14310250230995080755747039802372455596923828125
431,7.0879449034877293200906933634541928768157958984375
537,7.0878316280200746035689007840119302272796630859375
460,7.06622739925048648501615389250218868255615234375
28,7.049911462606313961032356019131839275360107421875
658,7.034032285192257205608257208950817584991455078125
60,7.0332181756087139845590172626543790102005004882812
1350,7.0194185997519564779167922097258269786834716796875
641,7.0167784813359768136820093786809593439102172851562
461,7.0153835342788450901707619777880609035491943359375
760,7.0039079909623973563270737940911203622817993164062
0,7.0000481748013978489098008139990270137786865234375
535,6.1670088012296249146970694710034877061843872070312
15,6.0524638885970336588115969789214432239532470703125
499,6.047207862951065493462010635994374752044677734375
909,6.0217463353049618390855357574764639139175415039062
776,6.0179466250833923979257633618544787168502807617188
358,6.0174705807359520903787597490008920431137084960938
1007,6.016264346340154389736198936589062213897705078125
369,6.0139868059102976616259184083901345729827880859375
1184,6.008002716558348055286842281930148601531982421875
1193,6.0055900799813004553584505629260092973709106445312
583,5.5080787601972662770322131109423935413360595703125
1119,5.1532002916435084571844527090433984994888305664062
435,5.121603261041162369338053395040333271026611328125
471,5.1149516599586482001882359327282756567001342773438
1421,5.10555361505072369254776276648044586181640625
444,5.0652728154720785269660154881421476602554321289062
1306,5.0637274445010920231879936181940138339996337890625
491,5.0479497228343728210120389121584594249725341796875
609,5.0444076544343392498603861895389854907989501953125
502,5.03590580492819839264484471641480922698974609375
227,5.0357806698160585412438194907736033201217651367188
299,5.033634961739604563035754836164414882659912109375
550,5.0316573924405618711830356915015727281570434570312
25,5.0275987775434014537268012645654380321502685546875
474,5.0229680379817462920755133382044732570648193359375
1198,5.0208903957745265600465245370287448167800903320312
1705,5.0169969540757302084443836065474897623062133789062
869,5.0114117977746053256282721122261136770248413085938
547,5.01033561571079388841098989360034465789794921875
1521,5.00839428771178774013606016524136066436767578125
1264,5.0070482141222587557649603695608675479888916015625
503,5.0064477909448301673478454176802188158035278320312
1474,5.0031782062052068127400161756668239831924438476562
1674,5.0016515331243436293107151868753135204315185546875
741,5.0008031350149897420465094910468906164169311523438
720,5.0001617926493597821036019013263285160064697265625
440,4.216936364140966730928994365967810153961181640625
864,4.1311179425139785692522309545893222093582153320312
1434,4.0643215810813861921246825659181922674179077148438
873,4.0449223519541233073937291919719427824020385742188
987,4.0244813956975047375408394145779311656951904296875
1378,4.0238970619225833402765601931605488061904907226562
565,4.0217130273273777874010193045251071453094482421875
555,4.0210136272587391204069717787206172943115234375
908,4.015523600160630479649626067839562892913818359375
1392,4.01085380874383190530352294445037841796875
1194,4.0106381885458999292382031853776425123214721679688
409,4.0097303703052658008232356223743408918380737304688
541,4.0093730948649550782647565938532352447509765625
70,4.009110117740075196479665464721620082855224609375
92,4.0084074720433493510540756687987595796585083007812
1399,4.0067545090211780234312755055725574493408203125
606,4.0060210350666825007692750659771263599395751953125
340,4.0054283882110022219080747163388878107070922851562
558,4.0038948145065393902086725574918091297149658203125
1091,4.0033744368400165924981592979747802019119262695312
1085,4.0032054257909193140108072839211672544479370117188
807,4.0031854400762378887179693265352398157119750976562
992,4.0031459025528182138486954499967396259307861328125
500,4.0028375687223052281638047134038060903549194335938
180,4.0023416813316172735426334838848561048507690429688
310,4
1109,3.3768868650621679528001095604849979281425476074219
546,3.2485984744589861961117094324436038732528686523438
441,3.2105126535907393403590504021849483251571655273438
563,3.2001386418297332880911199026741087436676025390625
699,3.0919265475423864941717511101160198450088500976562
607,3.0910731484793485535078616521786898374557495117188
589,3.0802252202446838147409380326280370354652404785156
600,3.0745481249461987793836215132614597678184509277344
880,3.0652775454301233182263786147814244031906127929688
1195,3.0595109489310798878136665734928101301193237304688
611,3.058396956250160059198606177233159542083740234375
617,3.0434700290497884722640264953952282667160034179688
649,3.0400727701960574833606187894474714994430541992188
1615,3.0355580606512186925272089865757152438163757324219
448,3.0347081765352070803487549710553139448165893554688
1080,3.0314994372006842660027814417844638228416442871094
1276,3.03076923076923065991650219075381755828857421875
1393,3.0293349661162340957787364459363743662834167480469
197,3.0280282470194146426933912152890115976333618164062
1057,3.0262720011383348328593001497210934758186340332031
598,3.0248788703416424894498959474731236696243286132812
1246,3.0244611532392644548394855519291013479232788085938
919,3.0238286738811503973067829065257683396339416503906
562,3.0221041151700851479233733698492869734764099121094
1050,3.0209684408234349639599258807720616459846496582031
1440,3.0208241032680391846554357471177354454994201660156
914,3.0168793788367724850729700847296044230461120605469
1042,3.015977044101415316390557563863694667816162109375
680,3.0143654946051090526282223436282947659492492675781
400,3.012859937277770683294875198043882846832275390625
1166,3.0122566321050920912227866210741922259330749511719
591,3.0115518219316754766623489558696746826171875
1416,3.0109098136848002624788023240398615598678588867188
965,3.0109023577254911963052563805831596255302429199219
148,3.0108787659531914826516185712534934282302856445312
1254,3.0102237591245564196640316367847844958305358886719
806,3.00943233126150033740486833266913890838623046875
1010,3.0077720170007413713619826012291014194488525390625
979,3.0075590297630481195767515600891783833503723144531
927,3.0068854964106850324867536983219906687736511230469
220,3.0058774243166879180932937742909416556358337402344
98,3.0058089624611881163218640722334384918212890625
103,3.0057383395357990529817016067681834101676940917969
1262,3.0055348075481509440010086109396070241928100585938
933,3.0048752257266517773359737475402653217315673828125
405,3.004446038878853642017929814755916595458984375
664,3.0038487762196219854615719668800011277198791503906
637,3.0037817392931662752175725472625344991683959960938
1189,3.0037807178338118418992053193505853414535522460938
749,3.0034374931626000027051759388996288180351257324219
913,3.003182398925037688286465709097683429718017578125
1201,3.0030965819566648455918311810819432139396667480469
1844,3.0028752684595647615140023845015093684196472167969
351,3.0023031744731345504817454639123752713203430175781
1843,3.0021993969253393252927253342932090163230895996094
1619,3.0016121577137684361957781220553442835807800292969
800,3.0009675688709420704469721385976299643516540527344
1173,3.0006024510033024732535977818770334124565124511719
1623,3.0005300463140973654674326098756864666938781738281
114,3.0000574396863002313295964995631948113441467285156
40,3.0000346133798454495433816191507503390312194824219
64,3
925,3
8,3
554,2.1696742037779475076320068183122202754020690917969
451,2.155028426731139035155138117261230945587158203125
1038,2.0972479416847793487477247253991663455963134765625
1227,2.0695877937484095099307523923926055431365966796875
1196,2.0665448884962827058586753992130979895591735839844
1374,2.0634614609183112854395858448697254061698913574219
1099,2.0632384371734300287926089367829263210296630859375
626,2.0615815053528079303646336484234780073165893554688
703,2.0563451537847954320170629216590896248817443847656
1079,2.0518570905985042962527131749084219336509704589844
676,2.0446671521479675703858447377569973468780517578125
1613,2.0390750814679985403188311465783044695854187011719
980,2.0387745551534055543640988616971299052238464355469
1642,2.034888520757231589186631026677787303924560546875
633,2.0320156462713798717345525801647454500198364257812
487,2.0274366631459148635485689737834036350250244140625
784,2.0273111654163944450601775315590202808380126953125
790,2.0266342734448823392767735640518367290496826171875
1137,2.02644837083222029150419984944164752960205078125
1562,2.0228148778320398371022292849374935030937194824219
1598,2.019761458610776827526933629997074604034423828125
1235,2.0193412650689674947557250561658293008804321289062
1241,2.0187531790443071777474415284814313054084777832031
635,2.0178565168518880490466926858061924576759338378906
480,2.0175469535535901499656574742402881383895874023438
692,2.0172285142778876299018975259969010949134826660156
924,2.0165803292266253343711923662340268492698669433594
654,2.0162364513851662728427527326857671141624450683594
1494,2.0155364746369257566982469143113121390342712402344
675,2.014926053302605879480324801988899707794189453125
1018,2.0139042106766265050055153551511466503143310546875
863,2.012852458317926362951766350306570529937744140625
1155,2.012714631970002443495104671455919742584228515625
1480,2.0126135944498693142179490678245201706886291503906
1321,2.0119364544806193073611666477518156170845031738281
961,2.011811651500050146523790317587554454803466796875
678,2.0112400055002899179612541047390550374984741210938
614,2.0111308709036981312578973302152007818222045898438
536,2.0110508346485209685283734870608896017074584960938
1658,2.010699775234119357492090784944593906402587890625
631,2.0103783102199144217081538954516872763633728027344
822,2.0101826832989626581138509209267795085906982421875
651,2.0098706212445147656353583442978560924530029296875
1391,2.0096464036123382612686327775008976459503173828125
735,2.00916828819179471565803396515548229217529296875
967,2.0090368937451694719698025437537580728530883789062
1732,2.0087891198032239437054613517830148339271545410156
903,2.008634991469588015888803056441247463226318359375
1589,2.0085018925739221984372306906152516603469848632812
723,2.0085006082580543207427581364754587411880493164062
1298,2.0083192618202843071628649340709671378135681152344
632,2.0080774148810318635582916613202542066574096679688
395,2.0080170272001214293311477376846596598625183105469
1573,2.0079749124114445457678357342956587672233581542969
170,2.0076656725615014131847146927611902356147766113281
1266,2.0076017078755459266403704532422125339508056640625
277,2.0075672004042015572622403851710259914398193359375
1251,2.0075456417616708293394367501605302095413208007812
702,2.0075384466720489484714562422595918178558349609375
1561,2.0073877360950591608457216352690011262893676757812
1097,2.0070784546835520600893687515053898096084594726562
972,2.0070300842601840329848528199363499879837036132812
401,2.0069730384305390913368682959116995334625244140625
1641,2.0067496006517466788920955877983942627906799316406
989,2.0067466328338614545145901502110064029693603515625
1338,2.0066932791899207977337482589064165949821472167969
705,2.0064198643623760709431280702119693160057067871094
1587,2.0062309016982893261626941239228472113609313964844
449,2.0060803236082915823601524607511237263679504394531
1437,2.005247319767587299566002911888062953948974609375
752,2.0051645482657738384091317129787057638168334960938
1713,2.0048990068926286767236888408660888671875
715,2.0048309195657671999413196317618712782859802246094
244,2.0047418409321520194055210595251992344856262207031
831,2.0046728290080251255744769878219813108444213867188
695,2.0046472756302979867371050204383209347724914550781
1522,2.0045990743580883730601271963678300380706787109375
746,2.0044418423334295908944113762117922306060791015625
1344,2.0044092836596174578289719647727906703948974609375
732,2.0043464823363099647224316868232563138008117675781
1709,2.0043248123364203472362987668020650744438171386719
688,2.0042725860645580482355398999061435461044311523438
105,2.0042712486707627839166434569051489233970642089844
560,2.0042141467957330647209346352610737085342407226562
1600,2.004164839785016027917663450352847576141357421875
1164,2.0040943344354742450263984210323542356491088867188
1380,2.0040510854145967556405594223178923130035400390625
1597,2.0040183805338034339627029112307354807853698730469
1240,2.0038343573587615864539657195564359426498413085938
999,2.0038314336896680956101590709295123815536499023438
896,2.0037489259331531243901736161205917596817016601562
1162,2.0037061187751086244190901197725906968116760253906
945,2.0036992727453490914513167808763682842254638671875
1424,2.0035641744024217381081598432501778006553649902344
871,2.0035631069236345958017864177236333489418029785156
1311,2.0034193542464637793898418749449774622917175292969
1114,2.0033810345389175822106153646018356084823608398438
1044,2.0033212861171283414307708881096914410591125488281
698,2.0032620773740101860482809570385143160820007324219
731,2.0032015759383758890521676221396774053573608398438
1004,2.0031709288897991960709532577311620116233825683594
1576,2.0031269331296166491540589049691334366798400878906
808,2.0031022425386604268737755774054676294326782226562
693,2.0030033090963081932045497524086385965347290039062
1257,2.0027567577978016011286399589153006672859191894531
721,2.0025653274079027177378975466126576066017150878906
1337,2.002420420062748007694608531892299652099609375
1352,2.00239869108003887276936438865959644317626953125
1706,2.0023078135448573178223341528791934251785278320312
1181,2.0022082227621296190989141905447468161582946777344
1429,2.0021847332046189826826321223052218556404113769531
399,2.0020887133091442855459263228112831711769104003906
681,2.0020830737573671598283908679150044918060302734375
1019,2.0020767443937459439950998785207048058509826660156
522,2.0019667837666124121653865586267784237861633300781
1665,2.0015254915887088493775536335306242108345031738281
1714,2.0006423878381367487122588499914854764938354492188
1325,2.0003251962614307934984481107676401734352111816406
838,2.0002681641518935684587177092907950282096862792969
1875,2.0002633343307008040312666707905009388923645019531
175,2.00006376913598415967499022372066974639892578125
75,2.0000510732517176037958961387630552053451538085938
47,2.0000392527992363334021774790016934275627136230469
147,2.0000267277530663356799323082668706774711608886719
179,2
605,2
1881,2
602,2
728,2
943,2
1034,2
1074,2
1292,2
1367,2
509,1.2877040145944025351099071485805325210094451904297
862,1.2235947036980447943932404086808674037456512451172
613,1.1859705582435784432249192832387052476406097412109
726,1.176169024409517760432208888232707977294921875
792,1.1488683031392799005487859176355414092540740966797
428,1.1366320203723385695582237531198188662528991699219
1478,1.1007183999163190346592955393134616315364837646484
413,1.0902876535882599640103762794751673936843872070312
1836,1.0896294072731476099136216362239792943000793457031
497,1.0829693061304230816688232152955606579780578613281
498,1.0793605733211719677200335354427807033061981201172
540,1.071235979904525237316192942671477794647216796875
450,1.0706696504334463071472782758064568042755126953125
647,1.0691305161106174903551391253131441771984100341797
930,1.0675259179484988258934663463151082396507263183594
568,1.0623071351534278949912959433277137577533721923828
520,1.0609834093923093956135517146321944892406463623047
1115,1.0606209494793736869411304724053479731082916259766
1604,1.0581292726355735478449560105218552052974700927734
1662,1.0567588648278400942359667169512249529361724853516
544,1.0517910758436914697711017652181908488273620605469
1260,1.0505929821770418897131094126962125301361083984375
570,1.0484513807941369112342044900287874042987823486328
1101,1.0479281329971898983899336599279195070266723632812
953,1.0471759546793772965855850998195819556713104248047
1493,1.0463446258736732730199037177953869104385375976562
622,1.0457947244295169308969661869923584163188934326172
456,1.0434855746931295250590210343943908810615539550781
524,1.0430277511484231656169185953331179916858673095703
364,1.0423229613015252414953693005372770130634307861328
1122,1.0418731168159840461129306277143768966197967529297
419,1.0400446010200636859366341013810597360134124755859
971,1.0361332270450827053309694747440516948699951171875
604,1.0357838197207573927016710513271391391754150390625
446,1.0345775761997217934151649387786164879798889160156
445,1.0344417407061643476851031664409674704074859619141
996,1.034226010598647604865618632175028324127197265625
1835,1.0341228600096821210740927199367433786392211914062
507,1.0339786065534699588397415936924517154693603515625
590,1.0339124164144752882066313759423792362213134765625
1481,1.0336976260669969995831252163043245673179626464844
1220,1.0331523326996119305221100148628465831279754638672
1425,1.0331242127888289328296878011315129697322845458984
594,1.0326655210136113094421261848765425384044647216797
1834,1.0325641548935442504131287932978011667728424072266
854,1.0322793040042486101270924336859025061130523681641
1833,1.0321573472783323044410508373402990400791168212891
627,1.0298593143490193391187403904041275382041931152344
794,1.0291730813578701120292180348769761621952056884766
947,1.0291281308379001124819751566974446177482604980469
1594,1.0290598057890316674445330136222764849662780761719
1059,1.0281668734047686442067970347125083208084106445312
1832,1.0274842299602215955900419430690817534923553466797
1830,1.0271841156936700745205826024175621569156646728516
1831,1.0271841156936700745205826024175621569156646728516
1829,1.0270669568643497893134508558432571589946746826172
1828,1.0266692383044779823819681041641160845756530761719
1827,1.02655899129359795551863498985767364501953125
1645,1.0265217571758251668967432124190963804721832275391
1825,1.0260803530065283339922643790487200021743774414062
1826,1.0260803530065283339922643790487200021743774414062
1824,1.0259776996572986806910421364591456949710845947266
374,1.025889441846995708829126670025289058685302734375
1822,1.0257762369958629555810603051213547587394714355469
1823,1.0257762369958629555810603051213547587394714355469
1820,1.0257266534320312878492131858365610241889953613281
1821,1.0257266534320312878492131858365610241889953613281
1819,1.0255797301377116426124302961397916078567504882812
1818,1.0254354851962288464051198388915508985519409179688
1817,1.0252938406296006057516478904290124773979187011719
1815,1.0252471906053126637914374441606923937797546386719
1816,1.0252471906053126637914374441606923937797546386719
1814,1.0252008184663423673299575966666452586650848388672
1811,1.0251088972216417793958953552646562457084655761719
1812,1.0251088972216417793958953552646562457084655761719
1813,1.0251088972216417793958953552646562457084655761719
1810,1.0250180559966113325032210923382081091403961181641
1807,1.0247955457100659248936835865606553852558135986328
1808,1.0247955457100659248936835865606553852558135986328
1809,1.0247955457100659248936835865606553852558135986328
1804,1.0247518114683693557509513993863947689533233642578
1805,1.0247518114683693557509513993863947689533233642578
1806,1.0247518114683693557509513993863947689533233642578
1803,1.0246221019875945135169104105443693697452545166016
1802,1.0244945847788846648995786381419748067855834960938
1801,1.0244525559014037163763077842304483056068420410156
1800,1.0243278698615729815912800404476001858711242675781
857,1.0242566629140636980110912190866656601428985595703
1798,1.0242458921693244899842056838679127395153045654297
1799,1.0242458921693244899842056838679127395153045654297
1796,1.0241648125801134927570501531590707600116729736328
1797,1.0241648125801134927570501531590707600116729736328
1795,1.0240846152810971769753223270527087152004241943359
1794,1.0240448426531103542913569981465116143226623535156
1793,1.0240052848393901285817264579236507415771484375
1792,1.0239659399683043172757379579707048833370208740234
1790,1.0238491646273306656667045899666845798492431640625
1791,1.0238491646273306656667045899666845798492431640625
1789,1.0238106532518873592607633327133953571319580078125
1787,1.0237723457891096945360231984523124992847442626953
1788,1.0237723457891096945360231984523124992847442626953
1786,1.0237342404963665210004819527966901659965515136719
1784,1.0236963356514132694741192608489654958248138427734
1785,1.0236963356514132694741192608489654958248138427734
1782,1.0236586295520839762218656687764450907707214355469
1783,1.0236586295520839762218656687764450907707214355469
1781,1.0236211205160086201715330389561131596565246582031
1637,1.0236141766781177153688986436463892459869384765625
1780,1.0235838068803078115820426319260150194168090820312
1777,1.0235466870012925877375664640567265450954437255859
1778,1.0235466870012925877375664640567265450954437255859
1779,1.0235466870012925877375664640567265450954437255859
1774,1.0235097592542312661123560246778652071952819824219
1775,1.0235097592542312661123560246778652071952819824219
1776,1.0235097592542312661123560246778652071952819824219
1773,1.0234730220330172656417744292411953210830688476562
429,1.0234482929307289200693276143283583223819732666016
1771,1.0234364737499346276194955862592905759811401367188
1772,1.0234364737499346276194955862592905759811401367188
1768,1.0234001128353493736966584037872962653636932373047
1769,1.0234001128353493736966584037872962653636932373047
1770,1.0234001128353493736966584037872962653636932373047
1767,1.0233639377375118861834835115587338805198669433594
1765,1.0232921388727016509534450960927642881870269775391
1766,1.0232921388727016509534450960927642881870269775391
1764,1.0232210650886266467551877212827093899250030517578
1763,1.0231857964048842735138578063924796879291534423828
1762,1.0231507045879508766006438236217945814132690429688
1760,1.0230810458352361802525365419569425284862518310547
1761,1.0230810458352361802525365419569425284862518310547
1759,1.0230464760793289702434094579075463116168975830078
1758,1.0229778488744565301260536216432228684425354003906
1755,1.0229437886975003557665786502184346318244934082031
1756,1.0229437886975003557665786502184346318244934082031
1757,1.0229437886975003557665786502184346318244934082031
1754,1.0229098956770616979383703437633812427520751953125
1752,1.0228761684861087388753730920143425464630126953125
1753,1.0228761684861087388753730920143425464630126953125
1751,1.0228426058120188013589313413831405341625213623047
1750,1.0227759688348718736250475558335892856121063232422
1748,1.0227428919768841719672991530387662351131439208984
1749,1.0227428919768841719672991530387662351131439208984
1746,1.0226772152373735380592734145466238260269165039062
1747,1.0226772152373735380592734145466238260269165039062
1744,1.0226446128822110903655584479565732181072235107422
1745,1.0226446128822110903655584479565732181072235107422
1743,1.0225798741154514814866161032114177942276000976562
1739,1.0224206898902119533545373997185379266738891601562
1740,1.0224206898902119533545373997185379266738891601562
1741,1.0224206898902119533545373997185379266738891601562
1742,1.0224206898902119533545373997185379266738891601562
1738,1.0223893002471238222739202683442272245883941650391
1736,1.0223580570339116935230094895814545452594757080078
1737,1.0223580570339116935230094895814545452594757080078
1735,1.0222039990723699176555783196818083524703979492188
1734,1.0221433630229048716842044086661189794540405273438
420,1.0220906820158182082280973190790973603725433349609
387,1.0220381257521171658453340569394640624523162841797
1733,1.0219062540802175131915419115102849900722503662109
1272,1.0215395255928769735476180358091369271278381347656
379,1.0214165120317857393672511534532532095909118652344
884,1.0213400462826425219020620716037228703498840332031
424,1.021307852511608160739342565648257732391357421875
490,1.0212288815484400483768467893241904675960540771484
422,1.021211773494595576039500883780419826507568359375
479,1.0211471730008969682756969632464461028575897216797
872,1.0210223297566074496245391856064088642597198486328
949,1.0207636919873843694972492812667042016983032226562
1043,1.0205112869183430301944781604106537997722625732422
1643,1.0203913786856066980845980651793070137500762939453
1014,1.0202812638109786114171129156602546572685241699219
1476,1.0193941127671926061282192677026614546775817871094
1431,1.0193535410590803813590810023015365004539489746094
482,1.0188658309797036238819600839633494615554809570312
352,1.0188540857883592316568410751642659306526184082031
79,1.0188516710761696959508526560966856777667999267578
704,1.0185138533602029475844119588145986199378967285156
1495,1.0178441220188148008674033917486667633056640625
599,1.0178394211496686327933502980158664286136627197266
667,1.0169549608207824054062484719906933605670928955078
690,1.0165880906289372909157009416958317160606384277344
1500,1.01640123719568009619251824915409088134765625
1727,1.0160501422569392371286767229321412742137908935547
969,1.0157132202752119365385397031786851584911346435547
1433,1.0156333754517610223899737320607528090476989746094
630,1.0155554681486977930404691505827941000461578369141
1839,1.0155373668436558087790899662650190293788909912109
662,1.0149106149899955742199608721421100199222564697266
1073,1.0144978863844840155650217639049515128135681152344
1661,1.0144613546073295573535233415896072983741760253906
997,1.0143274575138914173066950752399861812591552734375
283,1.0141425585470433823331859457539394497871398925781
548,1.0141316015248673654269850885611958801746368408203
553,1.0138009448532379064289443704183213412761688232422
623,1.0133121731454086678070325433509424328804016113281
1625,1.0132614899781939854506163101177662611007690429688
418,1.0130628645210231209006224162294529378414154052734
1037,1.0130514907758028098072600187151692807674407958984
1110,1.012950260546329417365996050648391246795654296875
982,1.0129320491996391950806355453096330165863037109375
33,1.0124498228297535984410160381230525672435760498047
1098,1.0123703341210155137730453134281560778617858886719
412,1.0121163454581973972778996540000662207603454589844
796,1.0121113969500066254170178581262007355690002441406
1467,1.0121112617989937998430605148314498364925384521484
1051,1.0120503698785683344141261841286905109882354736328
225,1.0120427740763331403428537669242359697818756103516
1666,1.0120294273894163694649250828661024570465087890625
1199,1.0120066944160814870201647863723337650299072265625
865,1.0118372107297997075647799647413194179534912109375
1612,1.0117220703655214197880241044913418591022491455078
1039,1.0115627064710306370898251770995557308197021484375
733,1.0112984017984285589619730671984143555164337158203
1563,1.0107273241580658762472921807784587144851684570312
1328,1.0105619696168175458694804547121748328208923339844
496,1.0103735486369913587623159401118755340576171875
1273,1.0103179074677177684549178593442775309085845947266
166,1.0102432457725722958485903291148133575916290283203
1487,1.0102387947786253263871003582607954740524291992188
489,1.010224306153208573277879622764885425567626953125
936,1.0100607845183300348423927061958238482475280761719
1348,1.0098854283699056910705849077203311026096343994141
1234,1.0098741777978150757633102330146357417106628417969
846,1.0098339314836086710869267335510812699794769287109
1120,1.0097124088663156360468065031454898416996002197266
1593,1.0096949765537230891965236878604628145694732666016
948,1.0095920243025251483715010181185789406299591064453
404,1.0091674909800707471418945715413428843021392822266
1314,1.0090921169443221039330182975390926003456115722656
1135,1.0089522780356838804749486371292732656002044677734
921,1.00893641686572976823299541138112545013427734375
888,1.0088603156100159896624290922773070633411407470703
1282,1.0088018913462761805277523308177478611469268798828
1270,1.0086681367203698123091726301936432719230651855469
1203,1.0082742180777037876993063036934472620487213134766
877,1.0082585181908296778630074186366982758045196533203
659,1.0081593282667371536120981545536778867244720458984
663,1.0080731359403600766455610937555320560932159423828
1242,1.0079345762646669815154609750607050955295562744141
849,1.0078227388218630178329249247326515614986419677734
1564,1.0077770071323688405584562133299186825752258300781
1161,1.0077415385749763920841814979212358593940734863281
855,1.0076855787085861049234836173127405345439910888672
1187,1.0075579801258329748492315047769807279109954833984
963,1.0075523020202257207245111203519627451896667480469
682,1.0075515856570549377835277482517994940280914306641
1320,1.0074813490502669832693527496303431689739227294922
1113,1.0073268201327267856726166428416036069393157958984
1559,1.0072893114875500764071603043703362345695495605469
639,1.0072425360421970452762252534739673137664794921875
740,1.0071480634081708682714406677405349910259246826172
1501,1.0071104782627133822359155601589009165763854980469
1100,1.0070979954312289095241794711910188198089599609375
1036,1.0070168601218374426764512463705614209175109863281
1520,1.0067277708696955595968347552116028964519500732422
1578,1.0065582228507659046101707644993439316749572753906
416,1.0065018579908859841509638499701395630836486816406
736,1.0064480835319227214341708531719632446765899658203
1363,1.0063317343469047049353548572980798780918121337891
836,1.0063074991527387602729959326097741723060607910156
1071,1.0062600165239155014518246389343403279781341552734
1364,1.0062012774067314868631228819140233099460601806641
1144,1.0061539698680193044566522075911052525043487548828
1567,1.0061383797636134218578263244125992059707641601562
891,1.0061043186121108039543514678371138870716094970703
899,1.0060811083270042587400894262827932834625244140625
1175,1.0060777750357119408874950750032439827919006347656
1618,1.0060546976571560495727908346452750265598297119141
915,1.006017181167266016927896998822689056396484375
1398,1.005991983144411960893194191157817840576171875
853,1.0059905819527632520049564845976419746875762939453
958,1.0059466824834091269735836249310523271560668945312
1422,1.0059177928573417304392023652326315641403198242188
1299,1.0058719071153097157633737879223190248012542724609
1435,1.0057944660819626570003038068534806370735168457031
1310,1.0057756138749025520695568047813139855861663818359
1359,1.0056230578222478122540906042559072375297546386719
650,1.0055299978852849651644874029443599283695220947266
1258,1.0053996425575333351076778853894211351871490478516
579,1.0053701231788354508722704849787987768650054931641
1852,1.0053393103386361051576614045188762247562408447266
1016,1.0052865659852825430675693496596068143844604492188
492,1.0052771754164209205839597416343167424201965332031
1046,1.0051641712454153498867981397779658436775207519531
747,1.0051490521721035964475277069141156971454620361328
1030,1.0051483536642757954382432217244058847427368164062
1017,1.0051382042494150237388339519384317100048065185547
734,1.0051375460382194759745289047714322805404663085938
1611,1.00499390396299759231624193489551544189453125
656,1.0049906015728116148721937861409969627857208251953
1648,1.0048880112073004244876983648282475769519805908203
797,1.0048737537493841465163768589263781905174255371094
847,1.0048576159014130926294683376909233629703521728516
887,1.0048414625258583754430219414643943309783935546875
960,1.0047930760374830239101129336631856858730316162109
1084,1.0047680092780262306462191190803423523902893066406
848,1.0047363784443497092269126369501464068889617919922
1312,1.0046880187969964293159819135325960814952850341797
977,1.0046469627186094264459370606346055865287780761719
1228,1.0046418501346341400903838803060352802276611328125
1436,1.0046102229507558600829497663653455674648284912109
1296,1.0045361390167744097823288029758259654045104980469
1090,1.0045318349073735220144953927956521511077880859375
1457,1.0045230013395047841129326116060838103294372558594
1390,1.0044068398571928124596297493553720414638519287109
1514,1.0044006566453875795019712313660420477390289306641
750,1.0043819342646542747132798467646352946758270263672
58,1.0043746468044973951805332035291939973831176757812
851,1.0043712218976417194227224172209389507770538330078
657,1.0043588872025177582969490686082281172275543212891
975,1.0043331999059694759068861458217725157737731933594
1569,1.0043281444220841791548082255758345127105712890625
783,1.004326264095961818156865774653851985931396484375
1468,1.0042988050143852873929972702171653509140014648438
1489,1.0042694932600451096504912129603326320648193359375
1229,1.0042682636740221102655823415261693298816680908203
1140,1.0042286002359903651637296206899918615818023681641
966,1.0042177705989898672811477808863855898380279541016
1375,1.0041342257162124695923921535722911357879638671875
1088,1.0041048472042790606906237371731549501419067382812
1239,1.0040997658349877230676838735234923660755157470703
886,1.0040680991398411858739336821599863469600677490234
423,1.0040473126965265837640117752016521990299224853516
714,1.0040318128877430137180226665805093944072723388672
1238,1.0039923029321031755500825966009870171546936035156
1601,1.0039577013679037431614915476529859006404876708984
640,1.0039052640633945312487185219652019441127777099609
616,1.0038999098554830524676617642398923635482788085938
751,1.0038936443948085486255195064586587250232696533203
634,1.0038714179242769208855179385864175856113433837891
708,1.0038580659794493765701872689533047378063201904297
1346,1.00385296745552210495588951744139194488525390625
1023,1.0038161193111239111175336802261881530284881591797
1583,1.0038137672255129650977778510423377156257629394531
973,1.0038094636150214356007381866220384836196899414062
1387,1.0037953716936760528710692597087472677230834960938
1455,1.0037942188733046666726522744284011423587799072266
1452,1.0037751794824794071558926589204929769039154052734
610,1.0037565510172681282341500264010392129421234130859
1297,1.0037490713359136229598789213923737406730651855469
1377,1.0037232064456158564524912435445003211498260498047
575,1.0037077582231772598930774620384909212589263916016
1420,1.0036960585646530486059191389358602464199066162109
1708,1.0036431072568205991046852432191371917724609375
1444,1.0036329853761161157166270641027949750423431396484
842,1.0036008392144879497465126405586488544940948486328
1470,1.0036003554359844702759119172696955502033233642578
539,1.0035914559736640594422851791023276746273040771484
834,1.0035701166537203121720267517957836389541625976562
1354,1.0035407984028632544237780166440643370151519775391
1712,1.0035306102418009022159139931318350136280059814453
1667,1.0035124833231190422111467341892421245574951171875
1588,1.0035016463851567092291361404932104051113128662109
1632,1.0034980977962695281036076266900636255741119384766
1134,1.0034822523886497425138486505602486431598663330078
900,1.0034495168926909069995190293411724269390106201172
1082,1.0034291150613383614143003796925768256187438964844
442,1.0034282958134006502604052002425305545330047607422
1006,1.0034068178999657749983498433721251785755157470703
904,1.00339092317658895581189426593482494354248046875
1575,1.0033534666984704752934476346126757562160491943359
1412,1.0033505578218895326614301666268147528171539306641
1256,1.0033480064579134438673690965515561401844024658203
1369,1.0033229747430221223680746334139257669448852539062
837,1.0033210491351856052943958275136537849903106689453
1027,1.0033160916434713527678468381054699420928955078125
551,1.0033152408078191974993842450203374028205871582031
1671,1.0033119448665013262456113807274959981441497802734
725,1.0033062197893745093324469053186476230621337890625
1267,1.0032944535197174662499719488550908863544464111328
1663,1.0032733974548408983906711000599898397922515869141
739,1.0032725560532125275159387456369586288928985595703
850,1.0032459715366985886220163592952303588390350341797
1095,1.0032173515182096767972552697756327688694000244141
917,1.0031438547025497420861483988119289278984069824219
1362,1.0031303744157662460878555066301487386226654052734
1089,1.0031253977035978763865387008991092443466186523438
1389,1.0031219498687247160262359102489426732063293457031
856,1.0031121168854097991385287969023920595645904541016
968,1.0031070011104521455536087159998714923858642578125
1149,1.0030957107413747131374748278176411986351013183594
1125,1.0030668492803169744576052835327573120594024658203
453,1.0030149315744947280393262190045788884162902832031
696,1.0030069740955003254612165619619190692901611328125
1450,1.0029745792570852191971653155633248388767242431641
1610,1.0029693521885518769920508930226787924766540527344
889,1.0029557014915948531807998733711428940296173095703
1644,1.0029231399267957147714014354278333485126495361328
1479,1.002878049108034019809565506875514984130859375
1477,1.0028647113681372626814436443964950740337371826172
1223,1.0028212186786935600224524023360572755336761474609
1040,1.0028038921112421011372362045221962034702301025391
954,1.0028037586963276517337817494990304112434387207031
1226,1.0027911229386765601390152369276620447635650634766
1400,1.0027808987278634678119715317734517157077789306641
1248,1.0027440204613353724738544769934378564357757568359
852,1.0027075836286951648901322187157347798347473144531
1361,1.0027027863155468789813085095374844968318939208984
1225,1.0026978749700186099858001398388296365737915039062
1116,1.0026650898534072986478804523358121514320373535156
1278,1.0026156504839836003384334617294371128082275390625
1442,1.0026046125257803698360703492653556168079376220703
1606,1.0025831611686599753596738082705996930599212646484
897,1.0025150017699799853687636641552671790122985839844
603,1.0024573972328978399559673562180250883102416992188
1315,1.0024546738737982742861731821903958916664123535156
1118,1.002435322410580198493335046805441379547119140625
1324,1.0023843700638939147040673560695722699165344238281
1183,1.0023839620576162623422078468138352036476135253906
1385,1.0023545208941777584499277509166859090328216552734
1237,1.0023135580429096691545964858960360288619995117188
1402,1.0023065965722282033567580583621747791767120361328
1603,1.0022972118737822899703360235434956848621368408203
1174,1.0022798717510423838206179425469599664211273193359
1647,1.0022773037088648084846909114276058971881866455078
505,1.0022530500612691906070494951563887298107147216797
1211,1.0022177385153596684830290541867725551128387451172
1024,1.0022068529159644523218730682856403291225433349609
1499,1.0021929757437513242024351711734198033809661865234
1121,1.0021650975957885343348152673570439219474792480469
561,1.0021524085248973978679032370564527809619903564453
745,1.0021518957428998675140974228270351886749267578125
1347,1.0021444780379236139111753800534643232822418212891
870,1.0021402027102559451066099427407607436180114746094
1076,1.0021342071840584342368174475268460810184478759766
1072,1.0021166204266613863893553570960648357868194580078
161,1.0021049421994365768995294274645857512950897216797
1291,1.0020965654666003086248338149744085967540740966797
844,1.0020637996669876645938757064868696033954620361328
1459,1.0020470944951154201874032878549769520759582519531
552,1.0020272488636783325688384138629771769046783447266
876,1.0020272118990707355123959132470190525054931640625
1410,1.0020091461338131999525558057939633727073669433594
1171,1.001997091924611282820478663779795169830322265625
890,1.0019809453160546386385476580471731722354888916016
1503,1.001953125
1397,1.0019421185036236909837725761462934315204620361328
578,1.0019412263518978623011435047374106943607330322266
1103,1.0019301510400753230101145163644105195999145507812
1871,1.00192918786171247802485595457255840301513671875
1633,1.0019018002818831369893359806155785918235778808594
44,1.0018264001726004952530502123408950865268707275391
1156,1.0017900172458653607066025870153680443763732910156
684,1.0017878104044806164552028349135071039199829101562
567,1.0017826883859597408843455923488363623619079589844
1626,1.00177167327632332671782933175563812255859375
724,1.0017652310054623310264787505730055272579193115234
902,1.0017362599645269760628707444993779063224792480469
1152,1.0017275524909070583134962362237274646759033203125
1697,1.0017080280712593598479998036054894328117370605469
1124,1.0017013761198980681399461900582537055015563964844
1179,1.0016919731462161635704433138016611337661743164062
1170,1.0016809417302279250350238726241514086723327636719
1180,1.0016807890419250348656987625872716307640075683594
1368,1.0016704528522102357612766354577615857124328613281
1167,1.0016602832269621004002146946731954813003540039062
1366,1.0016379943922626427621480615925975143909454345703
1165,1.0016105986436518726634403719799593091011047363281
1373,1.001581429685568735976630705408751964569091796875
488,1.0015801826750179159830622666049748659133911132812
577,1.0015693795837197210829572213697247207164764404297
868,1.0015307557663517545876175063312985002994537353516
1255,1.0015207005270920781470067595364525914192199707031
1163,1.0015075977243530491733736198511905968189239501953
1372,1.0014221595902126349386662695906125009059906005859
883,1.0012909475885938270778297010110691189765930175781
1664,1.0012593276678427578474384063156321644783020019531
557,1.0012565192696851745779440534533932805061340332031
1842,1.0012490547214578651136207554372958838939666748047
592,1.0012308060812760146518485271371901035308837890625
1670,1.0012216829021542974231806510942988097667694091797
1000,1.0012210522806201939971515457727946341037750244141
1117,1.0012188096124352565396975478506647050380706787109
1210,1.0012187876359148752669625537237152457237243652344
1634,1.0011945408457412209912718026316724717617034912109
1182,1.00117887184298837155438377521932125091552734375
1728,1.0011193516456748930920639395480975508689880371094
1704,1.0011087506728650886600462399655953049659729003906
1668,1.0011075815419756551705177116673439741134643554688
1259,1.0010117229960966422908086315146647393703460693359
709,1.0009620300363832878787206936976872384548187255859
710,1.0009393164642321760737786462414078414440155029297
1650,1.0008631162296839356429245526669546961784362792969
1651,1.0008454546521952099880081732408143579959869384766
1353,1.0007735399713739710136906069237738847732543945312
1349,1.0007630148473696252153786190319806337356567382812
970,1.0007476897979150631812217397964559495449066162109
815,1.000723563588405085056365351192653179168701171875
1652,1.0006978807662381125709316620486788451671600341797
1317,1.0006694162286633442704442131798714399337768554688
1284,1.0006237989701654012009157668217085301876068115234
867,1.0005683260784661303688380940002389252185821533203
1107,1.0004824516669847955796512906090356409549713134766
538,1.0004089492353545054470487229991704225540161132812
334,1.0003597293945547530569228911190293729305267333984
840,1.0003330532970751143295728979865089058876037597656
1536,1.0003160524005478837494820254505611956119537353516
809,1.0002670115400749129008772797533310949802398681641
625,1.0002484065216501463169151975307613611221313476562
841,1.0002459961740057803325498753110878169536590576172
323,1.0002287588242835258967033951194025576114654541016
251,1.0002187793170387308805402426514774560928344726562
1838,1.0002184349651783712431551975896582007408142089844
1850,1.0002130204764347887191888730740174651145935058594
893,1.0001754763324099961607771547278389334678649902344
1717,1.0001335142419198742658181799924932420253753662109
1840,1.000129005093643996815444552339613437652587890625
169,1.0001253331851129857454907323699444532394409179688
1177,1.0000975028893932528006871507386676967144012451172
1028,1.0000835088227391089787943201372399926185607910156
203,1.0000755031769374969741193126537837088108062744141
150,1.0000699747617054491399812832241877913475036621094
1865,1.0000690822424096459997144847875460982322692871094
542,1.0000678334068586750049689726438373327255249023438
805,1.0000660791195219445626207743771374225616455078125
165,1.0000619597435684848818482350907288491725921630859
665,1.0000616410333256212084052094724029302597045898438
157,1.0000615465528419623097988733206875622272491455078
636,1.0000610756885195407051014626631513237953186035156
145,1.000059584198947248978583957068622112274169921875
116,1.0000576353536692053580736683215945959091186523438
110,1.0000567676120681870344242270221002399921417236328
107,1.0000553875542299575585047932690940797328948974609
82,1.0000513877254566530439205962466076016426086425781
53,1.0000426158117408093062294938135892152786254882812
17,1.0000339717993627086656260871677659451961517333984
31,1.0000305590520812693000607396243140101432800292969
29,1.0000291197833748313428259280044585466384887695312
1294,1.0000227443309754882250217633554711937904357910156
1669,1.0000198522518528587710306965163908898830413818359
1279,1.0000147791259625940085697948234155774116516113281
1290,1.0000028105440370573830932698911055922508239746094
414,1
410,1
367,1
360,1
1300,1
596,1
510,1
313,1
1447,1
332,1
216,1
506,1
508,1
677,1
791,1
820,1
901,1
1873,1
666,1
1078,1
1148,1
1417,1
1718,1
54,1
187,1
202,1
276,1
331,1
686,1
700,1
722,1
738,1
777,1
1083,1
1230,1
1280,1
1343,1
1383,1
1592,1
1846,1
1853,1
1864,1
61,1
78,1
81,1
89,1
90,1
99,1
104,1
106,1
108,1
111,1
119,1
126,1
136,1
141,1
143,1
151,1
153,1
186,1
188,1
191,1
192,1
195,1
199,1
200,1
205,1
208,1
209,1
219,1
230,1
231,1
240,1
245,1
246,1
248,1
249,1
250,1
309,1
312,1
317,1
326,1
336,1
470,1
484,1
519,1
581,1
660,1
742,1
743,1
802,1
821,1
835,1
861,1
892,1
932,1
964,1
1020,1
1032,1
1035,1
1052,1
1065,1
1066,1
1105,1
1141,1
1146,1
1191,1
1357,1
1360,1
1423,1
1443,1
1454,1
1458,1
1460,1
1475,1
1515,1
1516,1
1607,1
1646,1
1649,1
1672,1
1707,1
1711,1
1715,1
1720,1
1845,1
1847,1
1848,1
1854,1
1855,1
1856,1
1857,1
1858,1
1859,1
1860,1
1861,1
1862,1
1863,1
1866,1
1868,1
1869,1
1888,1
1889,1
1265,0
472,0
601,0
573,0
574,0
645,0
1031,0
753,0
1401,0
46,0
50,0
748,0
1340,0
7,0
68,0
584,0
839,0
882,0
894,0
1096,0
1222,0
1326,0
1358,0
1446,0
1483,0
1590,0
1605,0
1887,0
1,0
6,0
9,0
10,0
12,0
14,0
18,0
19,0
20,0
21,0
22,0
23,0
24,0
27,0
30,0
32,0
39,0
42,0
43,0
45,0
48,0
52,0
55,0
56,0
57,0
59,0
65,0
66,0
69,0
85,0
86,0
91,0
94,0
95,0
96,0
97,0
101,0
102,0
109,0
112,0
113,0
115,0
117,0
118,0
121,0
122,0
123,0
124,0
127,0
128,0
129,0
130,0
131,0
132,0
133,0
134,0
137,0
138,0
139,0
140,0
142,0
144,0
146,0
149,0
152,0
154,0
155,0
156,0
158,0
159,0
160,0
162,0
163,0
164,0
167,0
168,0
171,0
172,0
173,0
174,0
176,0
177,0
178,0
181,0
184,0
185,0
189,0
190,0
193,0
196,0
201,0
206,0
207,0
210,0
211,0
212,0
213,0
214,0
215,0
217,0
218,0
221,0
222,0
223,0
224,0
228,0
229,0
232,0
233,0
234,0
235,0
236,0
237,0
239,0
241,0
242,0
243,0
247,0
252,0
253,0
254,0
255,0
256,0
257,0
258,0
259,0
260,0
261,0
262,0
263,0
264,0
265,0
266,0
267,0
268,0
269,0
270,0
271,0
272,0
273,0
274,0
275,0
278,0
279,0
281,0
282,0
284,0
285,0
286,0
287,0
288,0
289,0
290,0
291,0
292,0
293,0
294,0
295,0
296,0
297,0
298,0
300,0
301,0
302,0
303,0
304,0
305,0
306,0
307,0
308,0
311,0
314,0
315,0
316,0
318,0
319,0
320,0
324,0
327,0
328,0
330,0
333,0
335,0
337,0
338,0
339,0
343,0
345,0
346,0
347,0
348,0
349,0
350,0
355,0
363,0
368,0
371,0
377,0
378,0
381,0
382,0
389,0
396,0
398,0
402,0
408,0
411,0
415,0
425,0
427,0
430,0
443,0
452,0
458,0
459,0
462,0
463,0
464,0
465,0
467,0
468,0
473,0
476,0
477,0
478,0
485,0
494,0
495,0
501,0
504,0
511,0
512,0
513,0
514,0
515,0
517,0
518,0
521,0
523,0
525,0
526,0
527,0
528,0
529,0
530,0
531,0
532,0
533,0
534,0
543,0
545,0
549,0
556,0
559,0
564,0
566,0
569,0
572,0
576,0
580,0
582,0
585,0
586,0
587,0
588,0
593,0
595,0
597,0
615,0
618,0
619,0
620,0
621,0
624,0
628,0
629,0
638,0
642,0
643,0
644,0
646,0
648,0
653,0
655,0
668,0
669,0
670,0
671,0
672,0
673,0
674,0
685,0
687,0
691,0
694,0
697,0
701,0
706,0
707,0
711,0
712,0
713,0
716,0
717,0
718,0
719,0
729,0
730,0
737,0
744,0
754,0
755,0
756,0
757,0
758,0
759,0
761,0
762,0
763,0
764,0
765,0
766,0
767,0
768,0
769,0
770,0
771,0
772,0
773,0
774,0
775,0
778,0
779,0
780,0
781,0
782,0
785,0
787,0
788,0
789,0
798,0
799,0
801,0
803,0
804,0
810,0
811,0
812,0
813,0
814,0
816,0
817,0
818,0
819,0
823,0
824,0
825,0
826,0
827,0
828,0
829,0
830,0
832,0
833,0
843,0
845,0
858,0
859,0
866,0
874,0
875,0
878,0
879,0
881,0
885,0
895,0
898,0
905,0
906,0
907,0
910,0
911,0
912,0
916,0
918,0
920,0
922,0
926,0
928,0
929,0
931,0
934,0
935,0
937,0
938,0
939,0
940,0
941,0
942,0
944,0
946,0
950,0
951,0
952,0
955,0
956,0
957,0
959,0
962,0
974,0
976,0
978,0
981,0
983,0
984,0
985,0
986,0
988,0
990,0
991,0
993,0
994,0
995,0
998,0
1001,0
1002,0
1003,0
1005,0
1008,0
1009,0
1011,0
1012,0
1013,0
1015,0
1021,0
1022,0
1025,0
1026,0
1029,0
1033,0
1041,0
1047,0
1048,0
1049,0
1053,0
1054,0
1055,0
1056,0
1058,0
1060,0
1061,0
1062,0
1063,0
1064,0
1067,0
1068,0
1069,0
1070,0
1075,0
1077,0
1081,0
1086,0
1087,0
1092,0
1093,0
1094,0
1102,0
1104,0
1108,0
1111,0
1112,0
1123,0
1126,0
1127,0
1129,0
1130,0
1131,0
1132,0
1133,0
1136,0
1138,0
1139,0
1142,0
1143,0
1145,0
1147,0
1150,0
1151,0
1153,0
1154,0
1157,0
1158,0
1159,0
1160,0
1168,0
1169,0
1172,0
1176,0
1178,0
1185,0
1186,0
1188,0
1190,0
1192,0
1197,0
1202,0
1204,0
1205,0
1206,0
1207,0
1208,0
1209,0
1212,0
1213,0
1214,0
1215,0
1216,0
1217,0
1218,0
1219,0
1221,0
1224,0
1231,0
1232,0
1233,0
1236,0
1243,0
1244,0
1245,0
1247,0
1249,0
1250,0
1252,0
1253,0
1261,0
1263,0
1268,0
1269,0
1271,0
1274,0
1275,0
1277,0
1281,0
1283,0
1285,0
1286,0
1287,0
1288,0
1289,0
1293,0
1295,0
1301,0
1302,0
1303,0
1304,0
1305,0
1307,0
1308,0
1309,0
1313,0
1316,0
1318,0
1319,0
1322,0
1323,0
1327,0
1329,0
1330,0
1331,0
1332,0
1333,0
1334,0
1335,0
1336,0
1339,0
1341,0
1342,0
1345,0
1351,0
1355,0
1356,0
1365,0
1370,0
1371,0
1376,0
1379,0
1381,0
1382,0
1384,0
1386,0
1388,0
1394,0
1395,0
1396,0
1403,0
1404,0
1405,0
1406,0
1407,0
1408,0
1409,0
1411,0
1413,0
1414,0
1415,0
1418,0
1419,0
1426,0
1427,0
1428,0
1430,0
1432,0
1438,0
1439,0
1441,0
1445,0
1448,0
1449,0
1451,0
1453,0
1456,0
1461,0
1462,0
1463,0
1464,0
1465,0
1466,0
1469,0
1471,0
1472,0
1473,0
1482,0
1484,0
1485,0
1486,0
1488,0
1490,0
1491,0
1492,0
1496,0
1497,0
1498,0
1502,0
1504,0
1505,0
1506,0
1507,0
1508,0
1509,0
1510,0
1511,0
1512,0
1513,0
1517,0
1518,0
1519,0
1523,0
1524,0
1525,0
1526,0
1527,0
1528,0
1529,0
1530,0
1531,0
1532,0
1533,0
1534,0
1535,0
1537,0
1538,0
1539,0
1540,0
1541,0
1542,0
1543,0
1544,0
1545,0
1546,0
1547,0
1548,0
1549,0
1550,0
1551,0
1552,0
1553,0
1554,0
1555,0
1556,0
1557,0
1558,0
1560,0
1565,0
1566,0
1568,0
1570,0
1571,0
1572,0
1574,0
1577,0
1579,0
1580,0
1581,0
1582,0
1584,0
1585,0
1586,0
1591,0
1595,0
1596,0
1599,0
1602,0
1608,0
1609,0
1614,0
1616,0
1617,0
1620,0
1621,0
1622,0
1624,0
1627,0
1628,0
1629,0
1630,0
1631,0
1635,0
1636,0
1638,0
1639,0
1640,0
1653,0
1654,0
1655,0
1656,0
1657,0
1659,0
1660,0
1673,0
1675,0
1676,0
1678,0
1679,0
1680,0
1681,0
1682,0
1683,0
1684,0
1685,0
1686,0
1687,0
1688,0
1689,0
1690,0
1691,0
1692,0
1693,0
1694,0
1695,0
1696,0
1698,0
1699,0
1700,0
1701,0
1702,0
1703,0
1710,0
1716,0
1719,0
1721,0
1722,0
1723,0
1724,0
1725,0
1726,0
1729,0
1730,0
1731,0
1837,0
1841,0
1849,0
1851,0
1867,0
1870,0
1872,0
1874,0
1876,0
1877,0
1878,0
1879,0
1880,0
1882,0
1883,0
1884,0
1885,0
1886,0
1890,0
