0,33.03722895603393538976888521574437618255615234375
1,0
2,175.09968279423736703392933122813701629638671875
3,0
4,1
5,45.05788816159309817521716468036174774169921875
6,0
7,28.057671849961668186779206735081970691680908203125
8,238.079543547026105443364940583705902099609375
9,1
10,0
11,142.156625021082021476104273460805416107177734375
12,0
13,0
14,0
15,0
16,0
17,0
18,105.710126723847935181765933521091938018798828125
19,2
20,0
21,0
22,0
23,0
24,1
25,15.117401574090184368515110691078007221221923828125
26,48.7863046815755154739235877059400081634521484375
27,0
28,18.028656837808892277053018915466964244842529296875
29,13.015820996350290883469824620988219976425170898438
30,0
31,182.473245477199299102721852250397205352783203125
32,0
33,37.07794050414307918117629014886915683746337890625
34,0
35,86.277711726884007248372654430568218231201171875
36,0
37,37.2401456879834853452848619781434535980224609375
38,0
39,0
40,178.76474334122411846692557446658611297607421875
41,160.802355474149948122430942021310329437255859375
42,1.0005609571927380763156634202459827065467834472656
43,67.26859958758586799376644194126129150390625
44,0
45,1
46,5.0026054204566738903281475359108299016952514648438
47,35.797763799384796357117011211812496185302734375
48,0
49,34.67244113574651009912486188113689422607421875
50,44.13377118029217882622106117196381092071533203125
51,31.048071832063033781423655455000698566436767578125
52,66.4414135446788662875405861996114253997802734375
53,2.0035684743137442964666661282535642385482788085938
54,0
55,12.002455066909883285575233458075672388076782226562
56,6.0132661321284652800045478215906769037246704101562
57,4.0035147065045508796288231678772717714309692382812
58,0
59,15.047408227552766746271117881406098604202270507812
60,7.0130201600405941420035560440737754106521606445312
61,41.1942994800257196175152785144746303558349609375
62,67.0983835440801072991234832443296909332275390625
63,0
64,0
65,1.0004787601614197889432489319005981087684631347656
66,146.395929184171535553105059079825878143310546875
67,31.835661649671660455851451843045651912689208984375
68,39.27508241988790160803546314127743244171142578125
69,14.029812075614788824395873234607279300689697265625
70,2.001459091323905425952034420333802700042724609375
71,59.494560980061038435451337136328220367431640625
72,28.30779687731918414783649495802819728851318359375
73,43.17427064035944539455158519558608531951904296875
74,5.0041637951370381287574673478957265615463256835938
75,2.0017682671258878457365426584146916866302490234375
76,0
77,1.0001885104514485202997775559197179973125457763672
78,11.009647298452062358364855754189193248748779296875
79,10.074315689795950490292852919083088636398315429688
80,3.0040013408696522034802001144271343946456909179688
81,0
82,12.01050662161807025540838367305696010589599609375
83,15.03039964289564522914588451385498046875
84,10.00769824072747127274851663969457149505615234375
85,1.0016335622289131990214627876412123441696166992188
86,11.030336086582808619027673557866364717483520507812
87,12.293601249148844445358008670154958963394165039062
88,0
89,17.726439224265067906571857747621834278106689453125
90,4.0042066449977768982648740347940474748611450195312
91,0
92,5.0004203064785892607346795557532459497451782226562
93,5.0173634998203491264234799018595367670059204101562
94,80.2321668729814376774811535142362117767333984375
95,15.152507570226564581616912619210779666900634765625
96,39.41779063329405374815905815921723842620849609375
97,2.0065529766879262041356923873536288738250732421875
98,9.065462474800870751323600416071712970733642578125
99,1.0013151353334985849130589485866948962211608886719
100,23.03211852443583751437472528778016567230224609375
101,11.105833225461497093533580482471734285354614257812
102,234.438782588700831865935469977557659149169921875
103,5.0226175038824880658694382873363792896270751953125
104,219.343331633835788352371309883892536163330078125
105,1.0015381660215514347811449624714441597461700439453
106,0
107,0
108,7.004640291880786406863990123383700847625732421875
109,1.007108426881661245033683371730148792266845703125
110,1
111,0
112,0
113,9.2076647661660739885292059625498950481414794921875
114,0
115,0
116,0
117,17.099367508997705300544112105853855609893798828125
118,8.0262793969944201677435557940043509006500244140625
119,5.0147402050791454186651208146940916776657104492188
120,6.0075005026965992982468378613702952861785888671875
121,0
122,0
123,30.172539193623673980937383021228015422821044921875
124,3.0015116538431056980584799021016806364059448242188
125,0
126,18.012480438509282265613364870660006999969482421875
127,71.7279657850014444875341723673045635223388671875
128,1.0025389422342807499433092743856832385063171386719
129,0
130,30.1104443697258119527759845368564128875732421875
131,19.03508281039002980605800985358655452728271484375
132,2.001590956421903655382266151718795299530029296875
133,2.1389503732629822074784442520467564463615417480469
134,8.003138324739321518563883728347718715667724609375
135,0
136,1
137,0
138,0
139,14.08111713362010419814396300353109836578369140625
140,0
141,26.061066346054047926372732035815715789794921875
142,31.09322310775088027412493829615414142608642578125
143,75.2983376324158371062367223203182220458984375
144,23.311854284053406871635161223821341991424560546875
145,9.0523581390905718535577761940658092498779296875
146,4.0045132734609296676353551447391510009765625
147,0
148,3.0131519438756901863030179811175912618637084960938
149,0
150,8.11443248473437250822826172225177288055419921875
151,8.7611669374546519151181200868450105190277099609375
152,0
153,6.0070883578362730403910063614603132009506225585938
154,13.046132046097264733930387592408806085586547851562
155,0
156,0
157,0
158,0
159,10.013473285534397305696074909064918756484985351562
160,12.115205367970670380373121588490903377532958984375
161,5.0056021751145474141253544075880199670791625976562
162,14.29161151217865466378498240374028682708740234375
163,5.0060562059103999033027321274857968091964721679688
164,0
165,1.0012452963571747410753687290707603096961975097656
166,3.0003411438151315060451906902017071843147277832031
167,4.02281675565743768174797878600656986236572265625
168,0
169,0
170,1.0011223661650936467282235753373242914676666259766
171,27.027476075176917191811298835091292858123779296875
172,8.024053152408470168666099198162555694580078125
173,9.054849777892282958191572106443345546722412109375
174,13.108357677333168922473305428866297006607055664062
175,115.5254431726165620375468279235064983367919921875
176,5.0217908101301995671406075416598469018936157226562
177,0
178,0
179,7.0141517884097961399447740404866635799407958984375
180,22.16275014710586077626430778764188289642333984375
181,0
182,13.019730012041817346357674978207796812057495117188
183,7.011444244198347774954527267254889011383056640625
184,6.007833565316833102087912266142666339874267578125
185,1.0064659216255795737282596746808849275112152099609
186,3
187,0
188,36.1013984018003242226768634282052516937255859375
189,2.0088471900460542762800741911632940173149108886719
190,35.285952560710285297318478114902973175048828125
191,0
192,55.49937907120598623578189290128648281097412109375
193,140.131912135807198183101718313992023468017578125
194,0
195,0
196,0
197,7.0253298807234694223211590724531561136245727539062
198,59.21936619350814368090141215361654758453369140625
199,0
200,8.0049056691384823380985835683532059192657470703125
201,0
202,3.0505820267952694635482657758984714746475219726562
203,78.594111260762105075627914629876613616943359375
204,1.0017821361219871878489584560156799852848052978516
205,1.0071657522076473689764952723635360598564147949219
206,0
207,0
208,23.065733937416101895223619067110121250152587890625
209,0
210,28.022628625918425626650787307880818843841552734375
211,73.957582494512962512089870870113372802734375
212,0
213,38.088024087222237312744255177676677703857421875
214,3.0024536665620646935792592557845637202262878417969
215,0
216,0
217,0
218,7.007613837949097757018535048700869083404541015625
219,41.40298551068105581407507997937500476837158203125
220,12.004547048694652389144721382763236761093139648438
221,1.0005391416833593343227448713150806725025177001953
222,0
223,23.11056303154182245407355367206037044525146484375
224,4.0161657992846784281937289051711559295654296875
225,1.0030006252720986559268112614518031477928161621094
226,3.0026151660526729791911293432349339127540588378906
227,23.03271485867544043912857887335121631622314453125
228,1
229,0
230,0
231,1.0028251450919924980809128101100213825702667236328
232,20.15958143872180841071894974447786808013916015625
233,31.3031110995406010033548227511346340179443359375
234,3.00350068050494911631176364608108997344970703125
235,14.044588553404731001705840753857046365737915039062
236,4.0076127818543767489245510660111904144287109375
237,0
238,7.1630552626180108433118221000768244266510009765625
239,0
240,2.0147128310676785112320885673398151993751525878906
241,29.22360644027370568664991878904402256011962890625
242,1
243,6.0204020357243432925997694837860763072967529296875
244,20.03481133387521850863777217455208301544189453125
245,0
246,1.0013641743001553408021209179423749446868896484375
247,5.012403098540698209717447753064334392547607421875
248,169.996207606120577793262782506644725799560546875
249,53.1436764782177988308831118047237396240234375
250,0
251,40.71118086410465508606648654676973819732666015625
252,0
253,57.71982041401468421781828510574996471405029296875
254,1.0003024476140773835197705921018496155738830566406
255,5.0140133708072571749880808056332170963287353515625
256,20.0197150980372242656812886707484722137451171875
257,1.0010236007067914165702404716284945607185363769531
258,12.025185103917712226007097342517226934432983398438
259,33.06155580299685681211485643871128559112548828125
260,4.0766404747236180128311389125883579254150390625
261,0
262,51.1721051221493326011113822460174560546875
263,1
264,0
265,68.1149175856198922929252148605883121490478515625
266,3.0023803432573079597034393373178318142890930175781
267,1.0011530665976231535552187779103405773639678955078
268,3.0139934623231479093874440877698361873626708984375
269,0
270,8.0216675785462268066794422338716685771942138671875
271,21.166615312129305692678826744668185710906982421875
272,3.0033975492941147322767392324749380350112915039062
273,17.017357338511676090320179355330765247344970703125
274,1.0000057560582513715985442104283720254898071289062
275,12.0444794030948969520977698266506195068359375
276,86.8913182807617516800746670924127101898193359375
277,9.0142333971396251257601761608384549617767333984375
278,0
279,1.0041028727246390506167017520056106150150299072266
280,31.219636970692075550459776422940194606781005859375
281,18.038008868797856365517873200587928295135498046875
282,31.1250431137037395501465653069317340850830078125
283,0
284,9.0224451586722249629701764206402003765106201171875
285,12.031471911290635645741531334351748228073120117188
286,0
287,15.788234717998021139351294550579041242599487304688
288,40.40530608459354056094525731168687343597412109375
289,4.0044344564782985429474138072691857814788818359375
290,7.005199623302626577014962094835937023162841796875
291,0
292,0
293,15.057241757841518747795817034784704446792602539062
294,1.0020335209441340040825707546900957822799682617188
295,29.175453813701818006620669621042907238006591796875
296,70.72441060246882216233643703162670135498046875
297,14.1538174442127768770660622976720333099365234375
298,11.016062411847409308052192500326782464981079101562
299,7.0045500976585284291786592802964150905609130859375
300,1.0021346764574172727435552587849088013172149658203
301,40.16699638772974623179834452457726001739501953125
302,19.1265544884333706932011409662663936614990234375
303,1.0022810114711446782820303269545547664165496826172
304,4.0075030116481027420149985118769109249114990234375
305,41.04450145920237247310069506056606769561767578125
306,16.407343193451989549203062779270112514495849609375
307,84.1497340523177825843958999030292034149169921875
308,36.0331714201081894088929402641952037811279296875
309,3.0043135935144169579302797501441091299057006835938
310,12.00836713886108242377304122783243656158447265625
311,9.001840358062988656229208572767674922943115234375
312,10.0250323882245311324368230998516082763671875
313,24.371409622772812753055404755286872386932373046875
314,6.0057248910208418379852446378208696842193603515625
315,18.205974449054338037967681884765625
316,51.23736060721165586073766462504863739013671875
317,17.055390608067593660734928562305867671966552734375
318,14.035969384297761308744156849570572376251220703125
319,0
320,105.4470170590851836323054158128798007965087890625
321,6.0094943408151140218365071632433682680130004882812
322,98.2720151930037530974004766903817653656005859375
323,5.01772396154547095648013055324554443359375
324,76.4008970128098923169090994633734226226806640625
325,5.0008900720750970592121120716910809278488159179688
326,15.065522977790774206141577451489865779876708984375
327,2.001323630319074453609573538415133953094482421875
328,8.0128833139477482205847991281189024448394775390625
329,0
330,0
331,12.097914068633571105237933807075023651123046875
332,7.0132297060363031349083939858246594667434692382812
333,20.303742957290211279541836120188236236572265625
334,18.299100008456246513333098846487700939178466796875
335,6.01180776923462900640515726990997791290283203125
336,39.24571145968052832131434115581214427947998046875
337,15.017446828481547882461200060788542032241821289062
338,28.260063160601529119730912498198449611663818359375
339,2.0030394686943449045202214620076119899749755859375
340,33.3323127836626298403643886558711528778076171875
341,61.194827354943328145964187569916248321533203125
342,15.022560487488373581754785845987498760223388671875
343,8.006705220343828699469668208621442317962646484375
344,13.030375841737285469434937112964689731597900390625
345,29.0298254476004302659930544905364513397216796875
346,1.0020396704488383488040881275082938373088836669922
347,1.0009957835435021600289928755955770611763000488281
348,10.015678471576121566499750770162791013717651367188
349,29.404643399134641867931350134313106536865234375
350,5.0098548481779596741603199916426092386245727539062
351,8.007282186404179213923271163366734981536865234375
352,28.25220210939168197228354983963072299957275390625
353,2.0143287505652414104417857743101194500923156738281
354,7.1553988042312708373060559097211807966232299804688
355,14.119193674295390295014840376097708940505981445312
356,135.674536000142097691423259675502777099609375
357,15.021078243714454103496791503857821226119995117188
358,3.0054017340489735943265259265899658203125
359,0
360,21.019381039298341562471250654198229312896728515625
361,4.0029003187603908742175917723216116428375244140625
362,6.0080916396327808115529478527605533599853515625
363,9.0719757547379433759715539054013788700103759765625
364,9.0134449247568912966244170092977583408355712890625
365,5.0036191476359164198584039695560932159423828125
366,17.747283757298333739527151919901371002197265625
367,37.169941978429363871327950619161128997802734375
368,0
369,6.0025904896725048587313722237013280391693115234375
370,11.550340658136979854475612228270620107650756835938
371,123.18928480531627656091586686670780181884765625
372,5.0370315645206975574410535045899450778961181640625
373,1
374,15.034113420162979579686179931741207838058471679688
375,14.05450435084814131414532312192022800445556640625
376,42.03275884608586210333669441752135753631591796875
377,21.115754174886784966247432748787105083465576171875
378,14.017251489448275592053505533840507268905639648438
379,0
380,0
381,0
382,0
383,2.0013284733680660743004864343674853444099426269531
384,5.0422164484959584029866164200939238071441650390625
385,9.0086847686830271442204320919699966907501220703125
386,3.0042776251529561548636593215633183717727661132812
387,24.129415539098697962572259712032973766326904296875
388,58.36363800890327269144108868204057216644287109375
389,1.0017747225681807865527161993668414652347564697266
390,18.02538109751593964347193832509219646453857421875
391,30.125620461064823274455193313769996166229248046875
392,33.1740921765985632418960449285805225372314453125
393,27.018625653940574693478993140161037445068359375
394,4.0038598133503802145582994853612035512924194335938
395,19.15385112910714582312721177004277706146240234375
396,0
397,68.3886650503069404294365085661411285400390625
398,12.004469229868572455188768799416720867156982421875
399,217.499544511580921835047774948179721832275390625
400,4.0079967135749265949584696500096470117568969726562
401,14.108145512011313726929984113667160272598266601562
402,5.00544032402016370042474591173231601715087890625
403,5.0161250698493002886380054405890405178070068359375
404,13.02075142458793521882398636080324649810791015625
405,0
406,9.024091145603478025805088691413402557373046875
407,8.01187434505805384787890943698585033416748046875
408,24.307671213792644948625820688903331756591796875
409,1.0168307332791768349267158555448986589908599853516
410,0
411,0
412,8.2473329776780577304862163146026432514190673828125
413,3.0118784158248339544172722526127472519874572753906
414,28.02434820097449374998177518136799335479736328125
415,1.0080000922287826181644732059794478118419647216797
416,0
417,13.015815620571567379215593973640352487564086914062
418,0
419,0
420,6.0005844914155046510018109984230250120162963867188
421,31.06842893322794907362549565732479095458984375
422,30.29305233209846193176417727954685688018798828125
423,8.0073828560825663913647076697088778018951416015625
424,10.019744411055487631756477640010416507720947265625
425,1.00149405839211880220318562351167201995849609375
426,2.0035734388694321772561579564353451132774353027344
427,1.0016932541653242871859674778534099459648132324219
428,26.09025491355325954145882860757410526275634765625
429,23.030521463667724901824840344488620758056640625
430,75.5520821224954488570801913738250732421875
431,3.0027387245542036531276153255021199584007263183594
432,1
433,1
434,2.0027133087233068842181182844797149300575256347656
435,0
436,7.0571451598796199888852243020664900541305541992188
437,5.002189737273329939171162550337612628936767578125
438,20.03536999464842693896571290679275989532470703125
439,15.058137830533988577030868327710777521133422851562
440,2.0031165936360761925527640414657071232795715332031
441,10.005553102340064342001824115868657827377319335938
442,9.0058482091784259893074704450555145740509033203125
443,0
444,4.0103522187952540534183754061814397573471069335938
445,0
446,32.36632373917375815608465927653014659881591796875
447,40.1656243620026742746631498448550701141357421875
448,11.013187799200876426652939699124544858932495117188
449,0
450,2.0051675383729170576430078654084354639053344726562
451,0
452,3.0025415730999194252603956556413322687149047851562
453,43.67739154388214473101470503024756908416748046875
454,0
455,36.1462594326699644398104283027350902557373046875
456,1.0036930542748958572474293760024011135101318359375
457,0
458,0
459,14.02016475376954218745595426298677921295166015625
460,1.0065951354536948336715340701630339026451110839844
461,24.280361437717782990830528433434665203094482421875
462,26.079224568457643584906691103242337703704833984375
463,0
464,6.0929885760562303431697728228755295276641845703125
465,3.0031526270334398809325193724362179636955261230469
466,1.0038367070265590275113254392636008560657501220703
467,16.06708394870705802759403013624250888824462890625
468,13.159944528765505467049479193519800901412963867188
469,6.1165239189197704305911429401021450757980346679688
470,0
471,1.0135021926168685801883384556276723742485046386719
472,7.0165904115207338165305372967850416898727416992188
473,56.09714893080771247468874207697808742523193359375
474,55.60826281043009799986975849606096744537353515625
475,0
476,5.085014814793709092555218376219272613525390625
477,0
478,38.32812617342521122054677107371389865875244140625
479,1.0178661093666259152001885013305582106113433837891
480,38.3574058167981775113730691373348236083984375
481,53.23760831841637042316506267525255680084228515625
482,30.40295172712902882494745426811277866363525390625
483,6.1573268587753018366015567153226584196090698242188
484,2.0012479755169239048484541854122653603553771972656
485,0
486,8.018829785149304001379277906380593776702880859375
487,4.0051325970889282146458754141349345445632934570312
488,1.0164413443522182234346473705954849720001220703125
489,0
490,0
491,24.118709289095921377565900911577045917510986328125
492,3.0035339571720509610486260498873889446258544921875
493,14.095384664173874256221097311936318874359130859375
494,56.529704567973197981700650416314601898193359375
495,10.012153705213334475843112159054726362228393554688
496,8.01944315734933610428925021551549434661865234375
497,44.37197601487903142469804151915013790130615234375
498,0
499,0
500,6.0272192464478466789046251506078988313674926757812
501,35.43604677699479310604147030971944332122802734375
502,23.05573046414837534712205524556338787078857421875
503,17.323700169084741418146222713403403759002685546875
504,0
505,0
506,5.0429246259708140343036575359292328357696533203125
507,2.0055436973501392650121033511823043227195739746094
508,50.13196788314987628609742387197911739349365234375
509,0
510,3.0086452724205048347982938139466568827629089355469
511,0
512,38.3633776265674697469876264221966266632080078125
513,33.08463463188871145348457503132522106170654296875
514,1.0062364696453711676582543077529408037662506103516
515,9.015055056799713639748006244190037250518798828125
516,19.05105236155343817472385126166045665740966796875
517,14.007805313325286888925802486483007669448852539062
518,0
519,16.017507690270054609982253168709576129913330078125
520,1.0018106489694924565725386855774559080600738525391
521,3.0044147842536514936284675059141591191291809082031
522,88.130785858048824366051121614873409271240234375
523,0
524,25.38420180880788024069261155091226100921630859375
525,1.0020528616572044189325652041588909924030303955078
526,12.026833810460155760324596485588699579238891601562
527,0
528,0
529,0
530,0
531,11.13693648845985961770566063933074474334716796875
532,0
533,2.0045350137132791346061821968760341405868530273438
534,3.0058529764997081734634321037447080016136169433594
535,42.18198840703786345329717732965946197509765625
536,14.01327954804369113617212860845029354095458984375
537,20.131326609328699106526983086951076984405517578125
538,21.0499531971015443332362337969243526458740234375
539,26.372944409973886337184012518264353275299072265625
540,1.00027122262162038168753497302532196044921875
541,50.34582613444084842058146023191511631011962890625
542,8.032785352357262098621504264883697032928466796875
543,12.17083813314902585034360527060925960540771484375
544,12.015035715274064997970526746939867734909057617188
545,42.26826354551275244375574402511119842529296875
546,29.159130449352868907908487017266452312469482421875
547,6.0530468650268698382888032938353717327117919921875
548,14.049271924259670640822150744497776031494140625
549,0
550,25.05031611736109908861180883832275867462158203125
551,9.0305087624972433246739456080831587314605712890625
552,3.0067512859316516404817321017617359757423400878906
553,2.0086900868144161869111030682688578963279724121094
554,58.1440811804191213241210789419710636138916015625
555,0
556,32.1285123647827077775218640454113483428955078125
557,0
558,1.032111403251288805904550827108323574066162109375
559,20.287166859824569797865478903986513614654541015625
560,31.523851269459459700783554580993950366973876953125
561,6.0141562920559286098409756959881633520126342773438
562,5.0067083592632686261936214577872306108474731445312
563,0
564,0
565,0
566,22.12695169195779953952296636998653411865234375
567,2.0014861753997665871906974643934518098831176757812
568,29.78850757933088289064471609890460968017578125
569,2.0055276530076140417691021866630762815475463867188
570,5.0062101700278107685448958363849669694900512695312
571,0
572,17.3241424733611637520880321972072124481201171875
573,5.0865949907918572847620453103445470333099365234375
574,2.0007747254404839587493825092678889632225036621094
575,22.452674495349885575024018180556595325469970703125
576,1.00270359709037393258768133819103240966796875
577,3.0022213040862339994419016875326633453369140625
578,0
579,1.0013774844923788442940804088721051812171936035156
580,5.002260123582548345666509703733026981353759765625
581,16.0100949030118471227979171089828014373779296875
582,21.050603792366072042341329506598412990570068359375
583,0
584,4.00724791499894905655310139991343021392822265625
585,64.2432547433063092512384173460304737091064453125
586,2.0099966630819832147381021059118211269378662109375
587,14.598101504078774937056550697889178991317749023438
588,3.0033305599269675134621593315387144684791564941406
589,34.0811771822302915779800969175994396209716796875
590,2.0043727173097449778538248210679739713668823242188
591,17.27869624552473482026471174322068691253662109375
592,7.015491082094939656599308364093303680419921875
593,19.048365962596367495507365674711763858795166015625
594,21.25062079431626926862008986063301563262939453125
595,31.124716348025199152971254079602658748626708984375
596,2.0018126319194613493834822293138131499290466308594
597,77.3698663566905935340400901623070240020751953125
598,19.409332413957866236842164653353393077850341796875
599,20.072951721428086813148183864541351795196533203125
600,6.027507227308728232628709520213305950164794921875
601,3.0211831202582057898098355508409440517425537109375
602,13.26356468771252394844850641675293445587158203125
603,0
604,68.859017059600006405162275768816471099853515625
605,8.0153346941285033011581617756746709346771240234375
606,7.0408858221585628456296035437844693660736083984375
607,1.0022773812756813338609163110959343612194061279297
608,33.07670366219078772473949356935918331146240234375
609,3.0070497206971436021660792903276160359382629394531
610,1.0068822418547755948026178884902037680149078369141
611,4.0103898013915761922021374630276113748550415039062
612,0
613,1.0020840503592238768248989799758419394493103027344
614,47.06252133645779167636646889150142669677734375
615,13.027144565326549852102289150934666395187377929688
616,60.33157546602479470720936660654842853546142578125
617,1.0023091053811223893887927260948345065116882324219
618,9.024822097968456802163927932269871234893798828125
619,21.0164716686428363345839898101985454559326171875
620,32.08334007136119936376417172141373157501220703125
621,5.0043481134993141878908318176399916410446166992188
622,0
623,9.0045726013150027000619957107119262218475341796875
624,8.0046246367109628039315794012509286403656005859375
625,51.54718965268309460725504322908818721771240234375
626,13.0970670369891877271584235131740570068359375
627,0
628,4.0090325569584717158022613148204982280731201171875
629,0
630,10.005761007869230283517936186399310827255249023438
631,9.0167165531072601680762090836651623249053955078125
632,0
633,8.010616980272278198071944643743336200714111328125
634,9.0094384106180793736484702094458043575286865234375
635,8.011659242402675573657688801176846027374267578125
636,0
637,137.58358007667590072742314077913761138916015625
638,39.6041415738267232882208190858364105224609375
639,30.920466454214601270678031141869723796844482421875
640,2.006916104781911514010062091983854770660400390625
641,38.286992005085579648948623798787593841552734375
642,5.14204688020711131457574083469808101654052734375
643,65.1595763574413666674445266835391521453857421875
644,11.049624175134175274592962523456662893295288085938
645,17.203951330754268411737939459271728992462158203125
646,1.0038274085109890609857075105537660419940948486328
647,10.0232320800841279151427443139255046844482421875
648,9.037066446532929120394328492693603038787841796875
649,0
650,3.0073125716326312151238653314067050814628601074219
651,58.43855059672569041140377521514892578125
652,0
653,44.23377630560463558140327222645282745361328125
654,19.019527493199699819115267018787562847137451171875
655,0
656,1.0017481037966549095585833129007369279861450195312
657,12.192383789080427192175193340517580509185791015625
658,6.0161152496329268757335739792324602603912353515625
659,4.0049621702834103942336696491111069917678833007812
660,0
661,1.0026054115885822959342021931661292910575866699219
662,0
663,0
664,1.0021025870676498747968707903055474162101745605469
665,5.0031352480745061583888855238910764455795288085938
666,10.058859625885036237491476640570908784866333007812
667,0
668,1.0032066407393513962631459435215219855308532714844
669,0
670,0
671,0
672,29.0396546213554955784275080077350139617919921875
673,18.042683062699751417312654666602611541748046875
674,1.0086716796503614190783082449343055486679077148438
675,5.005971677184181345410252106375992298126220703125
676,1.0268040447742132759145761156105436384677886962891
677,11.049750352274628539817058481276035308837890625
678,78.694825167282402844648458994925022125244140625
679,2.0122055950313031402743035869207233190536499023438
680,41.48079383800479291721785557456314563751220703125
681,0
682,23.320491978263323318287802976556122303009033203125
683,0
684,1.0029287240123330171570614766096696257591247558594
685,34.162529261414050552048138342797756195068359375
686,59.09247599308213239055476151406764984130859375
687,4.0281652216593828441659752570558339357376098632812
688,2.0124267396226316328977645753184333443641662597656
689,0
690,0
691,0
692,0
693,0
694,0
695,2.0043596462397892388196396495914086699485778808594
696,62.69373601522593020263229846023023128509521484375
697,1.0026690006943357325042143202153965830802917480469
698,7.0075812190761315179088342119939625263214111328125
699,14.108996393971624527807762206066399812698364257812
700,40.21392603874772930794279091060161590576171875
701,0
702,0
703,101.626795270803228277145535685122013092041015625
704,8.0054074596402546859508220222778618335723876953125
705,21.083902306080563704426822368986904621124267578125
706,0
707,26.13238465996523274270657566376030445098876953125
708,3.0039735244353762411151365085970610380172729492188
709,24.01596452353692967562892590649425983428955078125
710,29.36290448563902799605784821324050426483154296875
711,24.27531870532374114191043190658092498779296875
712,148.4184009126732917138724587857723236083984375
713,25.132956973268758105177766992710530757904052734375
714,2.0016349045999057842948332108790054917335510253906
715,4.0138289336513084393232020374853163957595825195312
716,0
717,0
718,35.36543012519314999053676729090511798858642578125
719,3.0066077013593455191653447400312870740890502929688
720,10.05515922835314057692812639288604259490966796875
721,0
722,2.0039660311614926335721520445076748728752136230469
723,4.0183172066008010503423975023906677961349487304688
724,32.33922473511247375199673115275800228118896484375
725,8.157467275959202623880628379993140697479248046875
726,11.037241922108067981866952322889119386672973632812
727,14.996823725288754403095481393393129110336303710938
728,0
729,0
730,4.0238354236917706074905254354234784841537475585938
731,6.009041475604252724451725953258574008941650390625
732,64.753737210242292121620266698300838470458984375
733,9.040751301959602415081462822854518890380859375
734,8.004047748553016816686067613773047924041748046875
735,1.0046381192707436458277925339643843472003936767578
736,1.0041750123968942176588825532235205173492431640625
737,8.0174252660301146278243322740308940410614013671875
738,18.017375606957809708319473429583013057708740234375
739,5.0076705021941743112279255001340061426162719726562
740,15.674663903544482579377472575288265943527221679688
741,0
742,0
743,0
744,0
745,1.0011163645402787469862460056901909410953521728516
746,2.014666486841019121811768854968249797821044921875
747,0
748,17.042079852457131750043117790482938289642333984375
749,0
750,2.0009184889957372099900112516479566693305969238281
751,12.006593718437398976561780727934092283248901367188
752,38.0719405685391478755263960920274257659912109375
753,12.139471084050228455453179776668548583984375
754,8.007644435043278718922010739333927631378173828125
755,0
756,3.0050999838343028791598499083193019032478332519531
757,34.48097076788932469071369268931448459625244140625
758,0
759,9.0172968453733428617624667822383344173431396484375
760,6.5362936233453954315564260468818247318267822265625
761,20.1158473271301971863067592494189739227294921875
762,0
763,0
764,28.031386103532586417941274703480303287506103515625
765,12.300599308301974232904285599943250417709350585938
766,4.0141773802803895065949291165452450513839721679688
767,41.6776048747345697620403370819985866546630859375
768,0
769,89.579999202006320047075860202312469482421875
770,12.020251711743677347499215102288872003555297851562
771,0
772,1.0025178273543804419176694864290766417980194091797
773,4.038452422332955649153518606908619403839111328125
774,0
775,5.0068150843655336856841131520923227071762084960938
776,34.2128330425314999274633009918034076690673828125
777,14.045942478048853985228561214171350002288818359375
778,18.07059520777853123263412271626293659210205078125
779,2.06582717430556073168190778233110904693603515625
780,37.02349490555922528756127576343715190887451171875
781,8.009000583268640838241481105796992778778076171875
782,41.61717126688784418320210534147918224334716796875
783,0
784,6.0392392810657140600483216985594481229782104492188
785,2.0113488045242413626567667961353436112403869628906
786,9.0157109871472673745529391453601419925689697265625
787,7.2108976936557107606518002285156399011611938476562
788,1.0026756825324598665361008897889405488967895507812
789,3.0024779401261603162254232302075251936912536621094
790,1.0042236958116645961780477591673843562602996826172
791,28.496923591533715125478920526802539825439453125
792,18.013490835432577341634896583855152130126953125
793,14.149560704977881542276918480638414621353149414062
794,7.0067531395716695641340265865437686443328857421875
795,1
796,38.03781067666977833141572773456573486328125
797,2.0040275870363593035961002897238358855247497558594
798,19.047661331015433461288921535015106201171875
799,18.083164530242175516150382463820278644561767578125
800,11.066207095476306321302217838820070028305053710938
801,8.0152799733544721760836182511411607265472412109375
802,0
803,0
804,10.192607105705729253486424568109214305877685546875
805,1.0024556980045120635480770943104289472103118896484
806,1
807,2.0034556871058932792095674813026562333106994628906
808,57.52783087019192720390492468141019344329833984375
809,26.72389699065154644586073118261992931365966796875
810,2.0019152172443437365245699766092002391815185546875
811,6.0026049371046692471054484485648572444915771484375
812,0
813,10.363910825041141805513689178042113780975341796875
814,18.1020250500236983270951895974576473236083984375
815,0
816,18.024293508535034646911299205385148525238037109375
817,8.002232979300597293104146956466138362884521484375
818,5.01385236642096998593842727132141590118408203125
819,0
820,7.0789255008689808690292011306155472993850708007812
821,12.745198460095002346292858419474214315414428710938
822,50.4574900393155445499360212124884128570556640625
823,8.0241760741396053191465398413129150867462158203125
824,0
825,5.1341193544977956619845826935488730669021606445312
826,1.0017344268996977163510564423631876707077026367188
827,2
828,1.0019948840430219494379571187891997396945953369141
829,26.395439269693813599815257475711405277252197265625
830,25.1918080353090232392787584103643894195556640625
831,1.0007353151491524823057943649473600089550018310547
832,0
833,36.39855103143492698336558532901108264923095703125
834,22.648486781358418085119410534389317035675048828125
835,2.00389929344402162314509041607379913330078125
836,1.0015853591629100272086816403316333889961242675781
837,8.013080022755584508331594406627118587493896484375
838,0
839,55.18533755499600346183797228150069713592529296875
840,12.036525920102132403144423733465373516082763671875
841,1.0048388592260102392117460112785920500755310058594
842,35.06618462368920319249809836037456989288330078125
843,0
844,1.0161615759143223236549147259211167693138122558594
845,4.0025733978835349446967484254855662584304809570312
846,30.01182327372685421096321078948676586151123046875
847,2.0026347433384636964603942033136263489723205566406
848,0
849,0
850,8.234595218106864678020428982563316822052001953125
851,18.022764890017231920182894100435078144073486328125
852,10.199455774006207064985574106685817241668701171875
853,0
854,0
855,9.01234067197452048958439263515174388885498046875
856,2.0069262281171527106948815344367176294326782226562
857,2.00465447263085394524750881828367710113525390625
858,35.04172550470750735485125915147364139556884765625
859,0
860,3.004902242191580086227986612357199192047119140625
861,0
862,0
863,8.027964345080984998048734269104897975921630859375
864,6.0114459521398382335632959438953548669815063476562
865,2.00470070843440595353968092240393161773681640625
866,1
867,8.0516319920962207135062271845526993274688720703125
868,2.0078524651989217986169933283235877752304077148438
869,8.0430656031672906891571983578614890575408935546875
870,75.3342058150026190332937403582036495208740234375
871,0
872,6.0146423094398722142273072677198797464370727539062
873,11.021972123924445696729890187270939350128173828125
874,0
875,4.0053784164830590341921379149425774812698364257812
876,0
877,35.330955481374047622011858038604259490966796875
878,0
879,0
880,10.080922149017164102247079426888376474380493164062
881,8.0036812658174572021607673377729952335357666015625
882,6.0029751572272500581561871513258665800094604492188
883,14.181095433498574820418980380054563283920288085938
884,2.0007861668629787210704762401292100548744201660156
885,2.0014037243733779902754577051382511854171752929688
886,0
887,0
888,0
889,0
890,0
891,0
892,8.0056195760845074715916780405677855014801025390625
893,0
894,0
895,0
896,0
897,2.003263721066435465445465524680912494659423828125
898,9.139600453970569304829041357152163982391357421875
899,0
900,7.0101218649454342113358507049269974231719970703125
901,0
902,6.0067071905824631627979215409141033887863159179688
903,0
904,0
905,0
906,0
907,8.0090065811440211973604164086282253265380859375
908,0
909,0
910,0
911,12.022085308146460036482494615484029054641723632812
912,23.2068515942944344487841590307652950286865234375
913,0
914,19.035579500083468218463167431764304637908935546875
915,0
916,1.0099013339952243040187340739066712558269500732422
917,1.0035892478491514889782365571591071784496307373047
918,26.06392290027817892905659391544759273529052734375
919,1.0189775394989166734660557267488911747932434082031
920,2.0034053351083889182859820721205323934555053710938
921,0
922,4.0081245428491980575813613540958613157272338867188
923,7.0165910044333790196446898335125297307968139648438
924,2.0047127249138054772004124970408156514167785644531
925,7.031754064848197316450750804506242275238037109375
926,1.0022496739030095636024952909792773425579071044922
927,36.21923170519713863768629380501806735992431640625
928,0
929,0
930,0
931,2.0108936620604689338165371736977249383926391601562
932,10.042368855553201356656245479825884103775024414062
933,7.0068328134660706751901670941151678562164306640625
934,1.0017628786698511422770252465852536261081695556641
935,1.0036994417598830153792732744477689266204833984375
936,0
937,19.036170627454286119473181315697729587554931640625
938,23.019381160548473275184733211062848567962646484375
939,14.039387869153873822369860135950148105621337890625
940,2.0028159764520365726525596983265131711959838867188
941,20.170624026798595451737128314562141895294189453125
942,7.0042170406269992355419162777252495288848876953125
943,13.336684734969518117964071279857307672500610351562
944,1.0015419455684670957396065205102786421775817871094
945,0
946,0
947,0
948,15.033493691697398020323817036114633083343505859375
949,36.4024370467350166791220544837415218353271484375
950,1.0011625265423433894795834930846467614173889160156
951,8.0199503645155214570650059613399207592010498046875
952,6.0232533619058363782983178680296987295150756835938
953,5.0080846935365359584579891816247254610061645507812
954,0
955,1.0010089666008321618306808886700309813022613525391
956,0
957,4.0821407389861148473642060707788914442062377929688
958,2.0029175039323954266023974923882633447647094726562
959,0
960,1.0022469211643956210622263824916444718837738037109
961,3.0030529834234527264413827651878818869590759277344
962,7.0302425296046981983977275376673787832260131835938
963,14.043596848859413839250009914394468069076538085938
964,2.0116506422898599026893862173892557621002197265625
965,12.064511976787732905336270050611346960067749023438
966,15.013944116015540686248641577549278736114501953125
967,1
968,33.10086296475557077201301581226289272308349609375
969,11.00585809501887268879727344028651714324951171875
970,8.101858812282163313511773594655096530914306640625
971,1.0661508649601989517918809724505990743637084960938
972,6.1423780316442231352880298800300806760787963867188
973,3.0563381587123776839121092052664607763290405273438
974,19.584612544380579635117101133801043033599853515625
975,0
976,1.0030716640818251317313070103409700095653533935547
977,7.0091004154406677528754698869306594133377075195312
978,1.0024446094955474784171656210673972964286804199219
979,12.121073030334263975760222820099443197250366210938
980,3.0046597502071930030353996698977425694465637207031
981,0
982,9.1874264002325336520016207941807806491851806640625
983,7.0129405922415406493541922827716916799545288085938
984,3.0077522490380972364221179304877296090126037597656
985,48.8099154128546643960362416692078113555908203125
986,0
987,5.0334196772387711504848084587138146162033081054688
988,0
989,12.076077439183844575154580525122582912445068359375
990,16.034171110594826359374565072357654571533203125
991,9.032242684275832544926743139512836933135986328125
992,16.011371319143744784696536953561007976531982421875
993,23.024421340914440037295207730494439601898193359375
994,9.0243688885514270481280618696473538875579833984375
995,9.0650009972754919118642646935768425464630126953125
996,8.0265825764009672838028564001433551311492919921875
997,8.1708680226581318351009031175635755062103271484375
998,6.1987003703660592535129580937791615724563598632812
999,34.03214428514041856033145450055599212646484375
1000,2.0213648881450949623683754907688125967979431152344
1001,5.009283464685648112890703487209975719451904296875
1002,2.00350468539442516657800297252833843231201171875
1003,27.374369253136507040835567750036716461181640625
1004,6.0163942884996632898264579125680029392242431640625
1005,8.1244645723431627715171998715959489345550537109375
1006,0
1007,2.0147442639408770226339129294501617550849914550781
1008,8.001657495371905071124274400062859058380126953125
1009,1.00246496877304025474586524069309234619140625
1010,0
1011,0
1012,18.018809507047222950859577395021915435791015625
1013,13.088584083822484060988244891632348299026489257812
1014,0
1015,0
1016,1.0145814888969502121085497492458671331405639648438
1017,32.04351199840655084472018643282353878021240234375
1018,8.041750924409779344159687752835452556610107421875
1019,0
1020,21.042524159043495046716998331248760223388671875
1021,3.0099955869137331454510331241181120276451110839844
1022,11.02611816300662894718698225915431976318359375
1023,0
1024,2.0038482171633962281021013041026890277862548828125
1025,21.01980602899624273049994371831417083740234375
1026,0
1027,2.0016625441594868561878683976829051971435546875
1028,15.01657669917293702610550099052488803863525390625
1029,1.0002394088059487486930265731643885374069213867188
1030,10.0169963832360195965520688332617282867431640625
1031,8.0378341595217790427341242320835590362548828125
1032,42.1399371078127700229742913506925106048583984375
1033,18.138674503537298932087651337496936321258544921875
1034,1.0053594133560097567681168584385886788368225097656
1035,16.0091860654201951774666667915880680084228515625
1036,15.01289333373910039881593547761440277099609375
1037,13.033733213956841368030836747493594884872436523438
1038,14.091492996479669130849288194440305233001708984375
1039,4.5728700909007065078526466095354408025741577148438
1040,6.0431199871840091120134275115560740232467651367188
1041,41.290819226938850761143839918076992034912109375
1042,9.0459950586508401926266742520965635776519775390625
1043,4.6534561025678202739186417602468281984329223632812
1044,6.0153153520875610738016803225036710500717163085938
1045,1.0015303789727068028980738745303824543952941894531
1046,1.0014310192290811762916291627334430813789367675781
1047,0
1048,8.0854777270551920764773967675864696502685546875
1049,9.0264520138778294722214923240244388580322265625
1050,1.0033850359080171976700057712150737643241882324219
1051,26.0571792034748028754620463587343692779541015625
1052,0
1053,5.0091317268527841832792546483688056468963623046875
1054,0
1055,11.0567127138281904308314551599323749542236328125
1056,0
1057,2.00222703702002746695143287070095539093017578125
1058,7.0041786043640410497346238116733729839324951171875
1059,10.020377727240605381098248471971601247787475585938
1060,1.001088949131624161736908718012273311614990234375
1061,11.152787904688164388744553434662520885467529296875
1062,1.0019577039171827514962842542445287108421325683594
1063,6.0052880790549769685071623825933784246444702148438
1064,4.0034732442207472402628809504676610231399536132812
1065,8.0831288440707869114021377754397690296173095703125
1066,0
1067,11.0227510686720080457234871573746204376220703125
1068,20.0223522799873450139784836210310459136962890625
1069,3.0080399942126203605141654406907036900520324707031
1070,3.013968627646260500796415726654231548309326171875
1071,23.19374418622309264037539833225309848785400390625
1072,0
1073,2.0053457349788663677259137330111116170883178710938
1074,5.0009655565903390339599354774691164493560791015625
1075,4.0086717906020625790119993325788527727127075195312
1076,1.001318826009882201333311968483030796051025390625
1077,2.0403191179644397657000354229239746928215026855469
1078,13.020890535761759920774238707963377237319946289062
1079,3.0155545405873716013900320831453427672386169433594
1080,2.001733557405085406344369403086602687835693359375
1081,1
1082,11.042579352471504350319264631252735853195190429688
1083,0
1084,0
1085,0
1086,13.181897722537870620840294577647000551223754882812
1087,0
1088,6.0040767781026067595462336612399667501449584960938
1089,1
1090,1
1091,0
1092,11.106740272068247321612943778745830059051513671875
1093,1.0012008586106442287189111084444448351860046386719
1094,0
1095,0
1096,17.09622911388101584861942683346569538116455078125
1097,0
1098,1.0062544349158413226064112677704542875289916992188
1099,5.0073960462084192712950425629969686269760131835938
1100,15.04279178512660308797421748749911785125732421875
1101,1.0007746879496546288379477118724025785923004150391
1102,10.01365921893070520809487788937985897064208984375
1103,3.0338297096830766363950715458486229181289672851562
1104,9.016677379653827983929659239947795867919921875
1105,0
1106,3.0044092687902268501431990443961694836616516113281
1107,0
1108,0
1109,10.00655537585847554282736382447183132171630859375
1110,8.0116973868286809334904319257475435733795166015625
1111,0
1112,69.9004179327968557799977133981883525848388671875
1113,4.0023574796655987384497166203800588846206665039062
1114,0
1115,0
1116,13.030163953463148374112279270775616168975830078125
1117,36.45764964098686533588988822884857654571533203125
1118,1.00382155010544948936512810178101062774658203125
1119,4.096423871747308709245771751739084720611572265625
1120,3.0041298326002938701151379063958302140235900878906
1121,0
1122,3.0048491236529306647184967005159705877304077148438
1123,2.0050772070564715221507867681793868541717529296875
1124,0
1125,4.0145377401983219911585365480277687311172485351562
1126,61.026262452853103468441986478865146636962890625
1127,1.0224206519781562363391458347905427217483520507812
1128,1.0039702652043538400050692871445789933204650878906
1129,8.0051620201756517047897432348690927028656005859375
1130,4.0079334018831582753250586392823606729507446289062
1131,17.040674094122497450598530122078955173492431640625
1132,0
1133,0
1134,0
1135,31.40305523784252983432452310808002948760986328125
1136,3.0200756699641853053606155299348756670951843261719
1137,15.343692638129430960702848096843808889389038085938
1138,0
1139,1.0047563299996844499162307329243049025535583496094
1140,0
1141,24.0124470989492664330100524239242076873779296875
1142,0
1143,0
1144,0
1145,2.0018876754666359296663813438499346375465393066406
1146,0
1147,0
1148,0
1149,0
1150,0
1151,0
1152,6.2893753992643244288274217979051172733306884765625
1153,3.0033518275557118393237487907754257321357727050781
1154,1.0021081955484238967812871123896911740303039550781
1155,0
1156,0
1157,27.027253315781393894212669692933559417724609375
1158,1.0012975045934722206908418229431845247745513916016
1159,0
1160,2.0011942990918898388486013573128730058670043945312
1161,3.0027828278603632128351819119416177272796630859375
1162,2.0126619354280053109107484488049522042274475097656
1163,0
1164,4.0057292152324235345872693869750946760177612304688
1165,1.0027852311055187595201232397812418639659881591797
1166,20.021599060516596324532656581141054630279541015625
1167,19.823579846447358931982307694852352142333984375
1168,8.0961503570676196517297285026870667934417724609375
1169,0
1170,2.0035203569072383977811568911420181393623352050781
1171,1.0036493476811516600832874246407300233840942382812
1172,10.012345362962689065966515045147389173507690429688
1173,6.0115950481497453239398964797146618366241455078125
1174,3.0002064647228738891726607107557356357574462890625
1175,4.0200426926866459353959726286120712757110595703125
1176,1.0004002530482716259996323060477152466773986816406
1177,17.047057262577794745084247551858425140380859375
1178,3.0051052276775322980029159225523471832275390625
1179,6.0129801997203298213889866019599139690399169921875
1180,27.06700793376381142252284917049109935760498046875
1181,3.1084068707443166523773925291607156395912170410156
1182,24.0339520294417781087759067304432392120361328125
1183,23.153631186150075649266000255011022090911865234375
1184,56.20428440679781800781711353920400142669677734375
1185,9.0185548495046301553657031035982072353363037109375
1186,9.0094265710915362177502174745313823223114013671875
1187,1.0056685169618502229127443570178002119064331054688
1188,89.7391681653381425576299079693853855133056640625
1189,33.03250850085179735060592065565288066864013671875
1190,0
1191,0
1192,0
1193,1.0009879106323529285305085068102926015853881835938
1194,4.2231216671990514655021797807421535253524780273438
1195,8.0677097054143445120644173584878444671630859375
1196,0
1197,5.00342306045121176794054917991161346435546875
1198,7.002452428688616947738410090096294879913330078125
1199,0
1200,0
1201,1.0030380888885317425263110635569319128990173339844
1202,1.0001904801585683735254406201420351862907409667969
1203,0
1204,1
1205,1.0012430827032954283595245215110480785369873046875
1206,3.0021916544414528615902781893964856863021850585938
1207,0
1208,3.1570842260353106922821098123677074909210205078125
1209,0
1210,8.044031646406988755870770546607673168182373046875
1211,0
1212,14.138434471567547845438639342319220304489135742188
1213,12.292895235691371880193401011638343334197998046875
1214,27.176774113991495340769688482396304607391357421875
1215,3.0058023842294443461753417068393900990486145019531
1216,12.034856259763126118400577979627996683120727539062
1217,1.0012753733536459144204400217859074473381042480469
1218,4.0146538698181144511067941493820399045944213867188
1219,1.0000272162906669315418639598647132515907287597656
1220,0
1221,0
1222,2.0075209938347793325874590664170682430267333984375
1223,8.017258110150340399968627025373280048370361328125
1224,2.0058691877363949984669488912913948297500610351562
1225,2.0994894673854940236878974246792495250701904296875
1226,13.010082149042068166977514920290559530258178710938
1227,2.001424902487741519507835619151592254638671875
1228,0
1229,0
1230,28.240391933814624536580595304258167743682861328125
1231,0
1232,4.0060245315987765835075151699129492044448852539062
1233,11.16862047627938636651379056274890899658203125
1234,8.0151821619623913051100316806696355342864990234375
1235,76.472659622435486426184070296585559844970703125
1236,13.4620920069921936601531342603266239166259765625
1237,9.0261982801814522048289290978573262691497802734375
1238,2.0011514293081584803246641968144103884696960449219
1239,3.0043173221267189809680075995856896042823791503906
1240,4.0190560482968162858696814510039985179901123046875
1241,1.0002613896715066843512431660201400518417358398438
1242,1.0035459690101946605977900617290288209915161132812
1243,13.012951906004202484723464294802397489547729492188
1244,1.0069424007493719130934550776146352291107177734375
1245,28.39513174160465069917336222715675830841064453125
1246,2.0026186888479702297161111346213147044181823730469
1247,23.02166999967862892617631587199866771697998046875
1248,2.0014050072933069479574896831763908267021179199219
1249,0
1250,0
1251,4.0101439145268793495802128745708614587783813476562
1252,37.1340688692035882922937162220478057861328125
1253,1
1254,54.73498658723254806091063073836266994476318359375
1255,6.007135517130564039689488708972930908203125
1256,0
1257,1
1258,1.0035149416227511220967016924987547099590301513672
1259,16.281773744297371564471177407540380954742431640625
1260,1.0035277595750493606630016074632294476032257080078
1261,4.0092948602919395995058948756195604801177978515625
1262,1.0026285661604448229411445936420932412147521972656
1263,3.0043489340072619953048160823527723550796508789062
1264,2.000509331263852885740561760030686855316162109375
1265,0
1266,3.2176280950622042631437125237425789237022399902344
1267,8.0613064878205431540436620707623660564422607421875
1268,43.19859614579633699804617208428680896759033203125
1269,9.0136585250636169774907102691940963268280029296875
1270,6.0056733328757081480375745741184800863265991210938
1271,21.315737375217192806076127453707158565521240234375
1272,2.0110676471701371958999970956938341259956359863281
1273,6.0690633636112893967151649121660739183425903320312
1274,0
1275,0
1276,0
1277,0
1278,4.0058626439371360916652520245406776666641235351562
1279,46.5315382152181342689800658263266086578369140625
1280,100.201519835375933098475798033177852630615234375
1281,10.005037603894782805014074256177991628646850585938
1282,125.8376454079386377316041034646332263946533203125
1283,25.021774048099029386094116489402949810028076171875
1284,43.0728158356312320620418176986277103424072265625
1285,8.165984951304782413217253633774816989898681640625
1286,7.0585689054910458750669022265356034040451049804688
1287,1.0077023779475500209201754842069931328296661376953
1288,3.0029093875568331206693528656614944338798522949219
1289,5.0249585842934356705313803104218095541000366210938
1290,10.017125147519466921153252769727259874343872070312
1291,7.004471918167876509642155724577605724334716796875
1292,0
1293,2.0047453118576652464355447591515257954597473144531
1294,7.0271617927520093616067242692224681377410888671875
1295,0
1296,10.131724713611419019798631779849529266357421875
1297,4.008730130428563853683954221196472644805908203125
1298,1.0012890363609647792486612161155790090560913085938
1299,1.0391049204687814455638772415113635361194610595703
1300,0
1301,13.021301631864593773002525267656892538070678710938
1302,1.0036537853051592517061862963601015508174896240234
1303,3.0113706552542272021355529432184994220733642578125
1304,1
1305,3.0050562252105659233336609759135171771049499511719
1306,0
1307,6.13631683564859287116632913239300251007080078125
1308,0
1309,9.0124361335285509966297468054108321666717529296875
1310,1.00176406738500389792534406296908855438232421875
1311,26.3038264512696997599050519056618213653564453125
1312,25.15706871514739617623490630649030208587646484375
1313,3.0055864298632672948485833330778405070304870605469
1314,4.186437251642527002104543498717248439788818359375
1315,7.01834655882288416250958107411861419677734375
1316,15.01034202988422094904308323748409748077392578125
1317,0
1318,5.0382012232074400159831384371500462293624877929688
1319,2.0019514642298168460854412842309102416038513183594
1320,2.0005904893107175901434402476297691464424133300781
1321,0
1322,3.0047749973988073790565067611169070005416870117188
1323,0
1324,8.0599435689970988505592686124145984649658203125
1325,17.050717909659351079199041123501956462860107421875
1326,2.0005220526527023316987197176786139607429504394531
1327,14.012335724106574019742765813134610652923583984375
1328,6.0046747664130011301608647045213729143142700195312
1329,0
1330,3.0074140759776430975591665628599002957344055175781
1331,34.01590545766777751168774557299911975860595703125
1332,1
1333,3.0075429750752906699062805273570120334625244140625
1334,7.0145358273445435060011732275597751140594482421875
1335,1.0031627491526569073698738066013902425765991210938
1336,0
1337,29.509312531923995948091032914817333221435546875
1338,41.560579530674743864437914453446865081787109375
1339,12.0374169027128772313517401926219463348388671875
1340,0
1341,8.089484536197392827716612373478710651397705078125
1342,28.084557144720509569424393703229725360870361328125
1343,16.09244975132040877952022128738462924957275390625
1344,0
1345,26.051468923604328864485069061629474163055419921875
1346,0
1347,0
1348,9.7433188986639880369011734728701412677764892578125
1349,3.01210685487384211000971845351159572601318359375
1350,0
1351,3.0083625503475195372971029428299516439437866210938
1352,2.0032290692876988380533020972507074475288391113281
1353,5.0392356896948777844613687193486839532852172851562
1354,3.0005808499029038571848104766104370355606079101562
1355,7.009610419250616786257523926906287670135498046875
1356,0
1357,13.257368434571429105517381685785949230194091796875
1358,13.047542019162188253744716348592191934585571289062
1359,0
1360,1.00013155110421081417371169663965702056884765625
1361,14.002351040775481649802713945973664522171020507812
1362,0
1363,3.0037053754613638467674263665685430169105529785156
1364,13.023137217032546786299462837632745504379272460938
1365,0
1366,5.018094269060053846942537347786128520965576171875
1367,3.0012858045856547484220300248125568032264709472656
1368,2.0035107537617737882840174279408529400825500488281
1369,2.0229542200762442583084066427545621991157531738281
1370,1.0004173870068815421774388596531935036182403564453
1371,0
1372,25.29290062105047809382085688412189483642578125
1373,1.0001396821001775627735241869231685996055603027344
1374,11.031162242118840666194046207237988710403442382812
1375,1.0043434053721633780753563769394531846046447753906
1376,4.0052563943422656578263740811962634325027465820312
1377,2.0002848105846484649816829914925619959831237792969
1378,13.08668236964598463600850664079189300537109375
1379,1
1380,17.169464849599950895253641647286713123321533203125
1381,2.0118028169869308641182215069420635700225830078125
1382,14.368846266256722898901898588519543409347534179688
1383,3.0011403062706540900705931562697514891624450683594
1384,0
1385,2.0065282086568165809126185195054858922958374023438
1386,17.018695429468909452452862751670181751251220703125
1387,0
1388,0
1389,0
1390,1.0000916447199132974787971761543303728103637695312
1391,0
1392,13.006431911254084710094502952415496110916137695312
1393,0
1394,13.025535344322507924630372144747525453567504882812
1395,3.0042185716426277330981520208297297358512878417969
1396,9.0318817423392001586535116075538098812103271484375
1397,4.0033587276727811143928192905150353908538818359375
1398,3.0077531719097629903103552351240068674087524414062
1399,4.0071445150862201600716616667341440916061401367188
1400,4.0207565169435097729433437052648514509201049804688
1401,59.31619332560921975527890026569366455078125
1402,15.089999011669835482507551205344498157501220703125
1403,2.0028441502382015038108420412754639983177185058594
1404,2.0003197211163370461406429967610165476799011230469
1405,34.0924606475474405442582792602479457855224609375
1406,1.0014310305071121298681191547075286507606506347656
1407,4.0010528004636833898643999418709427118301391601562
1408,4.0329497753127965253838738135527819395065307617188
1409,2.0029918821307663989728098385967314243316650390625
1410,0
1411,4.028722746106144114719427307136356830596923828125
1412,16.061310230807560373023079591803252696990966796875
1413,1.0060233502682727202426349322195164859294891357422
1414,6.0075826132610128382793845958076417446136474609375
1415,13.214870846280941663053454249165952205657958984375
1416,4.0014296888594911294489975261967629194259643554688
1417,0
1418,1.0068254516481076610290301687200553715229034423828
1419,3.0070005358004432416407780692679807543754577636719
1420,7.001148503896207131447226856835186481475830078125
1421,2.0007491025754675639802826481172814965248107910156
1422,10.01227465771970770447296672500669956207275390625
1423,4.0007185804459961531165390624664723873138427734375
1424,6.5045266494307245608297307626344263553619384765625
1425,5.0018052263786723088401231507305055856704711914062
1426,2.0003906525296040186390200688038021326065063476562
1427,0
1428,2.0041460684295469008020518231205642223358154296875
1429,0
1430,4.0017949700602519769176979025360196828842163085938
1431,0
1432,10.014116331300099815848625439684838056564331054688
1433,30.082985491590751081503185559995472431182861328125
1434,2.1108396578890493699987018771935254335403442382812
1435,16.005797781734376172835254692472517490386962890625
1436,3.0114774497701910505043088051024824380874633789062
1437,5.0201540484071784931074944324791431427001953125
1438,1.0014333520905682739510211831657215952873229980469
1439,18.00603870795664107617994886822998523712158203125
1440,3.0287481416513046816874066280433908104896545410156
1441,2.0013969811835528034293929522391408681869506835938
1442,2.0038949169607751521482441603438928723335266113281
1443,6.0047034095324560709627803589683026075363159179688
1444,0
1445,1.0003788919641143362326829446828924119472503662109
1446,3.0005980447133073774068634520517662167549133300781
1447,0
1448,7.0013594195680086684774323657620698213577270507812
1449,0
1450,0
1451,3.0139153961481066623662172787589952349662780761719
1452,0
1453,1.0003546890749239750562082917895168066024780273438
1454,0
1455,0
1456,0
1457,0
1458,0
1459,0
1460,1.0004637732196690613761802524095401167869567871094
1461,0
1462,10.013370670399845963061125075910240411758422851562
1463,0
1464,0
1465,0
1466,2.0008030300106987020569704327499493956565856933594
1467,7.0034665201608961027091027062851935625076293945312
1468,0
1469,0
1470,0
1471,19.014151494632049121946693048812448978424072265625
1472,0
1473,5.0007131526941988042267439595889300107955932617188
1474,2.0008378250715121993152934010140597820281982421875
1475,2.0001509193314861434487283986527472734451293945312
1476,0
1477,0
1478,2.0010314426801603104877358418889343738555908203125
1479,2.0004381215215829570297501049935817718505859375
1480,0
1481,0
1482,0
1483,0
1484,4.0031286704846662516388278163503855466842651367188
1485,1.0003839667474203611874372654710896313190460205078
1486,19.00850938471105422422624542377889156341552734375
1487,18.002441149332444325636970461346209049224853515625
1488,22.01275742746022245910353376530110836029052734375
1489,1.0008323190907009170302899292437359690666198730469
1490,4.000982164538658736319121089763939380645751953125
1491,1.0004737446882832063721480153617449104785919189453
1492,9.10716384406190826439342345111072063446044921875
1493,0
1494,0
1495,2.0008293114070268003956698521506041288375854492188
1496,3.0008816297697564756674637465039268136024475097656
1497,0
1498,0
1499,5.0026817428095951001409957825671881437301635742188
1500,1
1501,5.0001647344788207050214623450301587581634521484375
1502,1.0054879561244243202366988043650053441524505615234
1503,1.0001915132055865242932668479625135660171508789062
1504,0
1505,0
1506,8.00085458252612369278722326271235942840576171875
1507,10.006139212714534991732762136962264776229858398438
1508,23.003082627018756056713755242526531219482421875
1509,4.0025354549975933338146205642260611057281494140625
1510,0
1511,0
1512,5.07370412870097453605922055430710315704345703125
1513,3.0013271184763570254006026516435667872428894042969
1514,0
1515,1.0002579999565375246106668782886117696762084960938
1516,14.005282480015740276257929508574306964874267578125
1517,4.0014556874761852967026243277359753847122192382812
1518,0
1519,19.009146289116412020803181803785264492034912109375
1520,9.0178561750038426225728471763432025909423828125
1521,17.048477186313878206647132174111902713775634765625
1522,3.0015010884272510516268539504380896687507629394531
1523,0
1524,0
1525,2.0004506256112919437839536840328946709632873535156
1526,1.0008706971964271836839088791748508810997009277344
1527,1.0005867956334990598321610377752222120761871337891
1528,0
1529,1
1530,0
1531,1.0074357919738363698058947193203493952751159667969
1532,2.0013919205284782520948283490724861621856689453125
1533,2.0014354206457141138741917529841884970664978027344
1534,6.0013494586859676971357657748740166425704956054688
1535,0
1536,2.0011073743274239156164640007773414254188537597656
1537,0
1538,65.1450852561926723183205467648804187774658203125
1539,35.04671039692566836265541496686637401580810546875
1540,0
1541,13.006653933377320342401617381256073713302612304688
1542,98.004646745565167975655640475451946258544921875
1543,0
1544,14.091257581599425208196407766081392765045166015625
1545,14.021757752275259889529479551129043102264404296875
1546,0
1547,8.0322904145484326221549054025672376155853271484375
1548,0
1549,1
1550,4.0044795190307622689829258888494223356246948242188
1551,2.0004953595440793101545295940013602375984191894531
1552,2.0852837487744997346794662007596343755722045898438
1553,9.212600328468507626666905707679688930511474609375
1554,2.000885404163536662736078142188489437103271484375
1555,20.00384062413197483465410186909139156341552734375
1556,6.0000291464521806616971844050567597150802612304688
1557,0
1558,0
1559,0
1560,3.0186013793861574683319304313044995069503784179688
1561,17.00845111870572878842722275294363498687744140625
1562,0
1563,3.0012073883457208722802533884532749652862548828125
1564,26.01474159072356684418991790153086185455322265625
1565,1.0007848414040689810633466549916192889213562011719
1566,0
1567,10.02039386005245802380159148015081882476806640625
1568,1.0055501179862056382319224212551489472389221191406
1569,1.0003305448129558019587648232118226587772369384766
1570,0
1571,2
1572,5.0006502651060431574592257675249129533767700195312
1573,0
1574,3.0014776952984179025918365368852391839027404785156
1575,9.019005071561554842674013343639671802520751953125
1576,3.0012357524925699081563834624830633401870727539062
1577,5.0014668569307643153365461330395191907882690429688
1578,9.001907507112502315749225090257823467254638671875
1579,19.00683748333807443486875854432582855224609375
1580,0
1581,7.001614519900424937759453314356505870819091796875
1582,1.0005417210247935511091554872109554708003997802734
1583,1.0002099759624505370680935811833478510379791259766
1584,25.0571168546009204192159813828766345977783203125
1585,5.0006456901142195548004565353039652109146118164062
1586,2.0003365300081026312284393497975543141365051269531
1587,4.0017407394072987969479981984477490186691284179688
1588,0
1589,1.0010154148860090916883791578584350645542144775391
1590,0
1591,1.0000379374592871517535286329803057014942169189453
1592,0
1593,6.0017359481317447134074427594896405935287475585938
1594,0
1595,2.0000026091887717072381747129838913679122924804688
1596,0
1597,90.0295641229200356292494689114391803741455078125
1598,0
1599,0
1600,43.11643087989421729844252695329487323760986328125
1601,2.0000915900641227374023856100393459200859069824219
1602,10.034197353953761222555840504355728626251220703125
1603,0
1604,1.0001028174784918345352480173460207879543304443359
1605,2.0007065769938869870259168237680569291114807128906
1606,0
1607,4.0180499852425564100144583790097385644912719726562
1608,0
1609,0
1610,1
1611,0
1612,0
1613,1.0009013699546325248945777275366708636283874511719
1614,0
1615,12.008628450648414442980538296978920698165893554688
1616,2.0005899536237583546949281299021095037460327148438
1617,0
1618,21.1190109449429570531719946302473545074462890625
1619,0
1620,2.0005800417189285589358860306674614548683166503906
1621,0
1622,3.0016698230710185946179535676492378115653991699219
1623,87.2735400164695960256722173653542995452880859375
1624,2.0008592606248325473927707207622006535530090332031
1625,4.0186500633379864666494540870189666748046875
1626,1.0009346993645511503245870699174702167510986328125
1627,0
1628,7.0213262681999166758828323509078472852706909179688
1629,2.0017038480736313310615059890551492571830749511719
1630,0
1631,1.0005447510634772889659416250651702284812927246094
1632,0
1633,0
1634,0
1635,2.0002900212617853448193727672332897782325744628906
1636,2.0036513880095712103468486020574346184730529785156
1637,4.0002217532551229695059191726613789796829223632812
1638,2.0002441831674677708008402987616136670112609863281
1639,0
1640,8.0339784411522341400768709718249738216400146484375
1641,9.0360788080027827362528114463202655315399169921875
1642,0
1643,42.16625437292521638710240949876606464385986328125
1644,0
1645,4.0037449772865825181611398875247687101364135742188
1646,36.08932092629594734489728580228984355926513671875
1647,20.153141578712524761840541032142937183380126953125
1648,1
1649,0
1650,0
1651,1.0008005889800200005623764809570275247097015380859
1652,2.003272951680312274902462377212941646575927734375
1653,0
1654,11.009824962679102711149425886105746030807495117188
1655,2.0021510413142853401780030253576114773750305175781
1656,20.033469946923165849739234545268118381500244140625
1657,2.0002858625602235598250899784034118056297302246094
1658,0
1659,0
1660,2.0022954714580474266938381333602592349052429199219
1661,0
1662,1.0005639515730611055488452620920725166797637939453
1663,0
1664,14.00548238394902256231944193132221698760986328125
1665,0
1666,31.031514682375590297169765108264982700347900390625
1667,5.0009024389603471405507661984302103519439697265625
1668,24.009395352402112422396385227330029010772705078125
1669,1.0002202816234930793370949686504900455474853515625
1670,1.0001102073377634571471617164206691086292266845703
1671,1
1672,5.001078977280183579523509251885116100311279296875
1673,0
1674,14.011723810330153128234087489545345306396484375
1675,7.0994224246048380777551756182219833135604858398438
1676,2.0005845418182270911700015858514234423637390136719
1677,7.000598795927995610099969781003892421722412109375
1678,3.0070209142518025124957148364046588540077209472656
1679,1
1680,3.0018633214543317677680533961392939090728759765625
1681,0
1682,0
1683,0
1684,0
1685,17.07078135061262713634278043173253536224365234375
1686,0
1687,6.014737427749455633829711587168276309967041015625
1688,0
1689,3.0012318465781477883069783274549990892410278320312
1690,0
1691,0
1692,0
1693,3.0008473165194193832405744615243747830390930175781
1694,0
1695,0
1696,0
1697,2.0005427223923359925095155631424859166145324707031
1698,0
1699,6.0252339600431730204377345216926187276840209960938
1700,0
1701,0
1702,0
1703,2.000687895831614326880298904143273830413818359375
1704,0
1705,0
1706,0
1707,0
1708,0
1709,0
1710,0
1711,3
1712,128.983603132239295518957078456878662109375
1713,0
1714,0
1715,6.0010907921457370406415066099725663661956787109375
1716,7.00016108446879314897159929387271404266357421875
1717,0
1718,0
1719,2.0004061639992376520069683465408161282539367675781
1720,1.0005813902647975321968942807870917022228240966797
1721,0
1722,1.0005213108548338674097522016381844878196716308594
1723,22.017557679806497361596484552137553691864013671875
1724,3.019066675757219542219900176860392093658447265625
1725,0
1726,15.084098042914103388056901167146861553192138671875
1727,2.0004575302504710165862888970877975225448608398438
1728,0
1729,11.007048180533308467943243158515542745590209960938
1730,3.0012395477933737630849009292433038353919982910156
1731,2.0000244483478413215493674215395003557205200195312
1732,1.0019046243160487641432609962066635489463806152344
1733,2.0003587070047292861829646426485851407051086425781
1734,0
1735,2.0000869538262557867369650921318680047988891601562
1736,12.0065477366139674586520413868129253387451171875
1737,4.00862079395204773391014896333217620849609375
1738,3.0031527928590491249849492305656895041465759277344
1739,1
1740,30.00057421658095080374550889246165752410888671875
1741,1.0001997336842736174844503693748265504837036132812
1742,0
1743,4.0006844718587837306245091895107179880142211914062
1744,0
1745,3.0001079274931754525823635049164295196533203125
1746,0
1747,14.004453721015988065801138873212039470672607421875
1748,7.014188277683725658562252647243440151214599609375
1749,11.152300457515853082668400020338594913482666015625
1750,0
1751,2.0005837697057264890077021846082061529159545898438
1752,0
1753,1.0006920692077412304854533431353047490119934082031
1754,1.0001665891891462489837749672005884349346160888672
1755,31.0304262253505243052131845615804195404052734375
1756,0
1757,6.00166993104398471814420190639793872833251953125
1758,0
1759,0
1760,0
1761,4.0038179822396910978454798168968409299850463867188
1762,1.0053331287576343644474263783195056021213531494141
1763,0
1764,2.000198348083070953862261376343667507171630859375
1765,0
1766,0
1767,0
1768,0
1769,0
1770,11.00939006417598875486874021589756011962890625
1771,3.0007983471795705021634148579323664307594299316406
1772,4.0000471912434152343962523445952683687210083007812
1773,0
1774,5.0002910467507053482449919101782143115997314453125
1775,0
1776,0
1777,1.0000141882449486985251496662385761737823486328125
1778,0
1779,1.0002560124917629913454675261164084076881408691406
1780,16.020693114977309079449696582742035388946533203125
1781,0
1782,33.01517936052238155753002502024173736572265625
1783,1.0002130103384081483142153956578113138675689697266
1784,2.001540815007910367739896173588931560516357421875
1785,13.0008382471482519804339972324669361114501953125
1786,0
1787,1.0013802538398608454883742524543777108192443847656
1788,11.001059795644129835068270040210336446762084960938
1789,0
1790,3.0000961081979138356246039620600640773773193359375
1791,16.000664816784119892645321669988334178924560546875
1792,1.0001170043778442320103749807458370923995971679688
1793,0
1794,0
1795,13.006687329217964332883639144711196422576904296875
1796,1
1797,1
1798,2.0005583327575018337540768698090687394142150878906
1799,2.0003461955632642066404969227733090519905090332031
1800,2.0000542354626245078463853133143857121467590332031
1801,1
1802,0
1803,1.0035212100346380115212241435074247419834136962891
1804,0
1805,0
1806,4.0007671889082887517474773630965501070022583007812
1807,3.00154863657903803186854929663240909576416015625
1808,0
1809,0
1810,3.0781770488466899671209375810576602816581726074219
1811,1
1812,0
1813,4.0017169171254485249278332048561424016952514648438
1814,1.0000496243960363962344217725330963730812072753906
1815,0
1816,0
1817,0
1818,0
1819,0
1820,0
1821,0
1822,0
1823,0
1824,0
1825,0
1826,0
1827,0
1828,0
1829,0
1830,7.003220186290764814884823863394558429718017578125
1831,0
1832,0
1833,0
1834,0
1835,17.00065990620768019425668171606957912445068359375
1836,0
1837,0
1838,7.0019269568809106019102728168945759534835815429688
1839,0
1840,0
1841,0
1842,0
1843,3
1844,0
1845,0
1846,0
1847,2.0002899545039323214723481214605271816253662109375
1848,0
1849,0
1850,0
1851,6.0006564903362535901010232919361442327499389648438
1852,0
1853,1.0001504534271028479253118348424322903156280517578
1854,0
1855,0
1856,0
1857,0
1858,3.0094885827572777081684307631803676486015319824219
1859,3
1860,0
1861,3.0003031632587853216875828366028144955635070800781
1862,0
1863,3.0005327771537451120309469843050464987754821777344
1864,3.0000320949651273494396264140959829092025756835938
1865,9.033824014077168840231024660170078277587890625
1866,0
1867,8.07017628544730314388289116322994232177734375
1868,1.0000014634367642152312782855005934834480285644531
1869,1.0000111129596329639923624199582263827323913574219
1870,1.3502023187643683588277099261176772415637969970703
1871,2.000171795670230068253658828325569629669189453125
1872,0
1873,1
1874,1.0000014289878764728314308740664273500442504882812
1875,8.000713615399146050322087830863893032073974609375
1876,0
1877,9.01967217302425439129365258850157260894775390625
1878,2.0000102314902070688162893929984420537948608398438
1879,0
1880,5.0294891185620631546271397382952272891998291015625
1881,0
1882,0
1883,0
1884,0
1885,0
1886,0
1887,1
1888,0
1889,0
1890,0
1891,1.0000272501942697456200903616263531148433685302734
1892,2.0002571366986758860662121151108294725418090820312
1893,0
1894,1
1895,1
1896,1
1897,1
1898,26
